{"meta": {"format": 3, "version": "7.10.6", "timestamp": "2025-11-12T23:10:31.214510", "branch_coverage": false, "show_contexts": false}, "files": {"src\\__init__.py": {"executed_lines": [0], "summary": {"covered_lines": 0, "num_statements": 0, "percent_covered": 100.0, "percent_covered_display": "100.00", "missing_lines": 0, "excluded_lines": 0}, "missing_lines": [], "excluded_lines": [], "functions": {"": {"executed_lines": [], "summary": {"covered_lines": 0, "num_statements": 0, "percent_covered": 100.0, "percent_covered_display": "100.00", "missing_lines": 0, "excluded_lines": 0}, "missing_lines": [], "excluded_lines": []}}, "classes": {"": {"executed_lines": [], "summary": {"covered_lines": 0, "num_statements": 0, "percent_covered": 100.0, "percent_covered_display": "100.00", "missing_lines": 0, "excluded_lines": 0}, "missing_lines": [], "excluded_lines": []}}}, "src\\config\\__init__.py": {"executed_lines": [1, 2, 4], "summary": {"covered_lines": 3, "num_statements": 3, "percent_covered": 100.0, "percent_covered_display": "100.00", "missing_lines": 0, "excluded_lines": 0}, "missing_lines": [], "excluded_lines": [], "functions": {"": {"executed_lines": [1, 2, 4], "summary": {"covered_lines": 3, "num_statements": 3, "percent_covered": 100.0, "percent_covered_display": "100.00", "missing_lines": 0, "excluded_lines": 0}, "missing_lines": [], "excluded_lines": []}}, "classes": {"": {"executed_lines": [1, 2, 4], "summary": {"covered_lines": 3, "num_statements": 3, "percent_covered": 100.0, "percent_covered_display": "100.00", "missing_lines": 0, "excluded_lines": 0}, "missing_lines": [], "excluded_lines": []}}}, "src\\config\\config.py": {"executed_lines": [1, 2, 3, 4, 6, 9, 10, 17, 18, 19, 20, 21, 22, 23, 25, 26, 33, 34, 38], "summary": {"covered_lines": 18, "num_statements": 19, "percent_covered": 94.73684210526316, "percent_covered_display": "94.74", "missing_lines": 1, "excluded_lines": 0}, "missing_lines": [35], "excluded_lines": [], "functions": {"Settings.__init__": {"executed_lines": [18, 19, 20, 21, 22, 23], "summary": {"covered_lines": 6, "num_statements": 6, "percent_covered": 100.0, "percent_covered_display": "100.00", "missing_lines": 0, "excluded_lines": 0}, "missing_lines": [], "excluded_lines": []}, "Settings.database_path": {"executed_lines": [33, 34], "summary": {"covered_lines": 2, "num_statements": 3, "percent_covered": 66.66666666666667, "percent_covered_display": "66.67", "missing_lines": 1, "excluded_lines": 0}, "missing_lines": [35], "excluded_lines": []}, "": {"executed_lines": [1, 2, 3, 4, 6, 9, 10, 17, 25, 26, 38], "summary": {"covered_lines": 10, "num_statements": 10, "percent_covered": 100.0, "percent_covered_display": "100.00", "missing_lines": 0, "excluded_lines": 0}, "missing_lines": [], "excluded_lines": []}}, "classes": {"Settings": {"executed_lines": [18, 19, 20, 21, 22, 23, 33, 34], "summary": {"covered_lines": 8, "num_statements": 9, "percent_covered": 88.88888888888889, "percent_covered_display": "88.89", "missing_lines": 1, "excluded_lines": 0}, "missing_lines": [35], "excluded_lines": []}, "": {"executed_lines": [1, 2, 3, 4, 6, 9, 10, 17, 25, 26, 38], "summary": {"covered_lines": 10, "num_statements": 10, "percent_covered": 100.0, "percent_covered_display": "100.00", "missing_lines": 0, "excluded_lines": 0}, "missing_lines": [], "excluded_lines": []}}}, "src\\config\\database.py": {"executed_lines": [1, 2, 3, 4, 7, 8, 15, 17, 18, 19, 20, 22, 23, 24, 25, 27, 34, 35, 36, 38, 39, 46, 47, 48, 49, 50, 55, 56, 58, 69, 70, 71, 73, 84, 85, 86, 88, 92, 155, 156], "summary": {"covered_lines": 39, "num_statements": 42, "percent_covered": 92.85714285714286, "percent_covered_display": "92.86", "missing_lines": 3, "excluded_lines": 0}, "missing_lines": [51, 52, 53], "excluded_lines": [], "functions": {"Database.__new__": {"executed_lines": [18, 19, 20], "summary": {"covered_lines": 3, "num_statements": 3, "percent_covered": 100.0, "percent_covered_display": "100.00", "missing_lines": 0, "excluded_lines": 0}, "missing_lines": [], "excluded_lines": []}, "Database.__init__": {"executed_lines": [23, 24, 25], "summary": {"covered_lines": 3, "num_statements": 3, "percent_covered": 100.0, "percent_covered_display": "100.00", "missing_lines": 0, "excluded_lines": 0}, "missing_lines": [], "excluded_lines": []}, "Database.get_connection": {"executed_lines": [34, 35, 36], "summary": {"covered_lines": 3, "num_statements": 3, "percent_covered": 100.0, "percent_covered_display": "100.00", "missing_lines": 0, "excluded_lines": 0}, "missing_lines": [], "excluded_lines": []}, "Database.get_cursor": {"executed_lines": [46, 47, 48, 49, 50, 55, 56], "summary": {"covered_lines": 7, "num_statements": 10, "percent_covered": 70.0, "percent_covered_display": "70.00", "missing_lines": 3, "excluded_lines": 0}, "missing_lines": [51, 52, 53], "excluded_lines": []}, "Database.execute_query": {"executed_lines": [69, 70, 71], "summary": {"covered_lines": 3, "num_statements": 3, "percent_covered": 100.0, "percent_covered_display": "100.00", "missing_lines": 0, "excluded_lines": 0}, "missing_lines": [], "excluded_lines": []}, "Database.execute_update": {"executed_lines": [84, 85, 86], "summary": {"covered_lines": 3, "num_statements": 3, "percent_covered": 100.0, "percent_covered_display": "100.00", "missing_lines": 0, "excluded_lines": 0}, "missing_lines": [], "excluded_lines": []}, "Database.initialize_schema": {"executed_lines": [92, 155, 156], "summary": {"covered_lines": 3, "num_statements": 3, "percent_covered": 100.0, "percent_covered_display": "100.00", "missing_lines": 0, "excluded_lines": 0}, "missing_lines": [], "excluded_lines": []}, "": {"executed_lines": [1, 2, 3, 4, 7, 8, 15, 17, 22, 27, 38, 39, 58, 73, 88], "summary": {"covered_lines": 14, "num_statements": 14, "percent_covered": 100.0, "percent_covered_display": "100.00", "missing_lines": 0, "excluded_lines": 0}, "missing_lines": [], "excluded_lines": []}}, "classes": {"Database": {"executed_lines": [18, 19, 20, 23, 24, 25, 34, 35, 36, 46, 47, 48, 49, 50, 55, 56, 69, 70, 71, 84, 85, 86, 92, 155, 156], "summary": {"covered_lines": 25, "num_statements": 28, "percent_covered": 89.28571428571429, "percent_covered_display": "89.29", "missing_lines": 3, "excluded_lines": 0}, "missing_lines": [51, 52, 53], "excluded_lines": []}, "": {"executed_lines": [1, 2, 3, 4, 7, 8, 15, 17, 22, 27, 38, 39, 58, 73, 88], "summary": {"covered_lines": 14, "num_statements": 14, "percent_covered": 100.0, "percent_covered_display": "100.00", "missing_lines": 0, "excluded_lines": 0}, "missing_lines": [], "excluded_lines": []}}}, "src\\controllers\\__init__.py": {"executed_lines": [1, 2, 3, 4, 5, 7], "summary": {"covered_lines": 6, "num_statements": 6, "percent_covered": 100.0, "percent_covered_display": "100.00", "missing_lines": 0, "excluded_lines": 0}, "missing_lines": [], "excluded_lines": [], "functions": {"": {"executed_lines": [1, 2, 3, 4, 5, 7], "summary": {"covered_lines": 6, "num_statements": 6, "percent_covered": 100.0, "percent_covered_display": "100.00", "missing_lines": 0, "excluded_lines": 0}, "missing_lines": [], "excluded_lines": []}}, "classes": {"": {"executed_lines": [1, 2, 3, 4, 5, 7], "summary": {"covered_lines": 6, "num_statements": 6, "percent_covered": 100.0, "percent_covered_display": "100.00", "missing_lines": 0, "excluded_lines": 0}, "missing_lines": [], "excluded_lines": []}}}, "src\\controllers\\car_controller.py": {"executed_lines": [1, 2, 3, 4, 5, 8, 9, 12, 13, 14, 15, 16, 17, 18, 19, 22, 23, 24, 25, 26, 27, 28, 29, 32, 33, 34, 35, 36, 37, 38, 39, 40, 43, 44, 57, 58, 59, 66, 67, 80, 81, 82, 83, 84, 89, 90, 97, 98, 99, 104, 105, 125, 126, 127, 128, 129, 130, 131, 132, 133, 134, 135, 136, 138, 139, 144, 145, 159, 160, 161, 162, 171, 172, 182, 183], "summary": {"covered_lines": 72, "num_statements": 92, "percent_covered": 78.26086956521739, "percent_covered_display": "78.26", "missing_lines": 20, "excluded_lines": 0}, "missing_lines": [60, 61, 62, 63, 85, 86, 100, 101, 140, 141, 163, 164, 165, 166, 167, 168, 184, 185, 186, 187], "excluded_lines": [], "functions": {"create_car": {"executed_lines": [57, 58, 59], "summary": {"covered_lines": 3, "num_statements": 7, "percent_covered": 42.857142857142854, "percent_covered_display": "42.86", "missing_lines": 4, "excluded_lines": 0}, "missing_lines": [60, 61, 62, 63], "excluded_lines": []}, "get_car": {"executed_lines": [80, 81, 82, 83, 84], "summary": {"covered_lines": 5, "num_statements": 7, "percent_covered": 71.42857142857143, "percent_covered_display": "71.43", "missing_lines": 2, "excluded_lines": 0}, "missing_lines": [85, 86], "excluded_lines": []}, "get_all_cars": {"executed_lines": [97, 98, 99], "summary": {"covered_lines": 3, "num_statements": 5, "percent_covered": 60.0, "percent_covered_display": "60.00", "missing_lines": 2, "excluded_lines": 0}, "missing_lines": [100, 101], "excluded_lines": []}, "search_available_cars": {"executed_lines": [125, 126, 127, 128, 129, 130, 131, 132, 133, 134, 135, 136, 138, 139], "summary": {"covered_lines": 14, "num_statements": 16, "percent_covered": 87.5, "percent_covered_display": "87.50", "missing_lines": 2, "excluded_lines": 0}, "missing_lines": [140, 141], "excluded_lines": []}, "update_car": {"executed_lines": [159, 160, 161, 162], "summary": {"covered_lines": 4, "num_statements": 10, "percent_covered": 40.0, "percent_covered_display": "40.00", "missing_lines": 6, "excluded_lines": 0}, "missing_lines": [163, 164, 165, 166, 167, 168], "excluded_lines": []}, "delete_car": {"executed_lines": [182, 183], "summary": {"covered_lines": 2, "num_statements": 6, "percent_covered": 33.333333333333336, "percent_covered_display": "33.33", "missing_lines": 4, "excluded_lines": 0}, "missing_lines": [184, 185, 186, 187], "excluded_lines": []}, "": {"executed_lines": [1, 2, 3, 4, 5, 8, 9, 12, 13, 14, 15, 16, 17, 18, 19, 22, 23, 24, 25, 26, 27, 28, 29, 32, 33, 34, 35, 36, 37, 38, 39, 40, 43, 44, 66, 67, 89, 90, 104, 105, 144, 145, 171, 172], "summary": {"covered_lines": 41, "num_statements": 41, "percent_covered": 100.0, "percent_covered_display": "100.00", "missing_lines": 0, "excluded_lines": 0}, "missing_lines": [], "excluded_lines": []}}, "classes": {"CarCreate": {"executed_lines": [], "summary": {"covered_lines": 0, "num_statements": 0, "percent_covered": 100.0, "percent_covered_display": "100.00", "missing_lines": 0, "excluded_lines": 0}, "missing_lines": [], "excluded_lines": []}, "CarUpdate": {"executed_lines": [], "summary": {"covered_lines": 0, "num_statements": 0, "percent_covered": 100.0, "percent_covered_display": "100.00", "missing_lines": 0, "excluded_lines": 0}, "missing_lines": [], "excluded_lines": []}, "CarResponse": {"executed_lines": [], "summary": {"covered_lines": 0, "num_statements": 0, "percent_covered": 100.0, "percent_covered_display": "100.00", "missing_lines": 0, "excluded_lines": 0}, "missing_lines": [], "excluded_lines": []}, "": {"executed_lines": [1, 2, 3, 4, 5, 8, 9, 12, 13, 14, 15, 16, 17, 18, 19, 22, 23, 24, 25, 26, 27, 28, 29, 32, 33, 34, 35, 36, 37, 38, 39, 40, 43, 44, 57, 58, 59, 66, 67, 80, 81, 82, 83, 84, 89, 90, 97, 98, 99, 104, 105, 125, 126, 127, 128, 129, 130, 131, 132, 133, 134, 135, 136, 138, 139, 144, 145, 159, 160, 161, 162, 171, 172, 182, 183], "summary": {"covered_lines": 72, "num_statements": 92, "percent_covered": 78.26086956521739, "percent_covered_display": "78.26", "missing_lines": 20, "excluded_lines": 0}, "missing_lines": [60, 61, 62, 63, 85, 86, 100, 101, 140, 141, 163, 164, 165, 166, 167, 168, 184, 185, 186, 187], "excluded_lines": []}}}, "src\\controllers\\customer_controller.py": {"executed_lines": [1, 2, 3, 4, 5, 8, 9, 12, 13, 14, 15, 16, 17, 18, 21, 22, 23, 24, 25, 26, 27, 30, 31, 32, 33, 34, 35, 36, 37, 40, 41, 54, 55, 56, 57, 58, 63, 64, 77, 78, 79, 80, 81, 86, 87, 94, 95, 96, 101, 102, 116, 117, 118, 119, 128, 129, 139, 140], "summary": {"covered_lines": 55, "num_statements": 71, "percent_covered": 77.46478873239437, "percent_covered_display": "77.46", "missing_lines": 16, "excluded_lines": 0}, "missing_lines": [59, 60, 82, 83, 97, 98, 120, 121, 122, 123, 124, 125, 141, 142, 143, 144], "excluded_lines": [], "functions": {"create_customer": {"executed_lines": [54, 55, 56, 57, 58], "summary": {"covered_lines": 5, "num_statements": 7, "percent_covered": 71.42857142857143, "percent_covered_display": "71.43", "missing_lines": 2, "excluded_lines": 0}, "missing_lines": [59, 60], "excluded_lines": []}, "get_customer": {"executed_lines": [77, 78, 79, 80, 81], "summary": {"covered_lines": 5, "num_statements": 7, "percent_covered": 71.42857142857143, "percent_covered_display": "71.43", "missing_lines": 2, "excluded_lines": 0}, "missing_lines": [82, 83], "excluded_lines": []}, "get_all_customers": {"executed_lines": [94, 95, 96], "summary": {"covered_lines": 3, "num_statements": 5, "percent_covered": 60.0, "percent_covered_display": "60.00", "missing_lines": 2, "excluded_lines": 0}, "missing_lines": [97, 98], "excluded_lines": []}, "update_customer": {"executed_lines": [116, 117, 118, 119], "summary": {"covered_lines": 4, "num_statements": 10, "percent_covered": 40.0, "percent_covered_display": "40.00", "missing_lines": 6, "excluded_lines": 0}, "missing_lines": [120, 121, 122, 123, 124, 125], "excluded_lines": []}, "delete_customer": {"executed_lines": [139, 140], "summary": {"covered_lines": 2, "num_statements": 6, "percent_covered": 33.333333333333336, "percent_covered_display": "33.33", "missing_lines": 4, "excluded_lines": 0}, "missing_lines": [141, 142, 143, 144], "excluded_lines": []}, "": {"executed_lines": [1, 2, 3, 4, 5, 8, 9, 12, 13, 14, 15, 16, 17, 18, 21, 22, 23, 24, 25, 26, 27, 30, 31, 32, 33, 34, 35, 36, 37, 40, 41, 63, 64, 86, 87, 101, 102, 128, 129], "summary": {"covered_lines": 36, "num_statements": 36, "percent_covered": 100.0, "percent_covered_display": "100.00", "missing_lines": 0, "excluded_lines": 0}, "missing_lines": [], "excluded_lines": []}}, "classes": {"CustomerCreate": {"executed_lines": [], "summary": {"covered_lines": 0, "num_statements": 0, "percent_covered": 100.0, "percent_covered_display": "100.00", "missing_lines": 0, "excluded_lines": 0}, "missing_lines": [], "excluded_lines": []}, "CustomerUpdate": {"executed_lines": [], "summary": {"covered_lines": 0, "num_statements": 0, "percent_covered": 100.0, "percent_covered_display": "100.00", "missing_lines": 0, "excluded_lines": 0}, "missing_lines": [], "excluded_lines": []}, "CustomerResponse": {"executed_lines": [], "summary": {"covered_lines": 0, "num_statements": 0, "percent_covered": 100.0, "percent_covered_display": "100.00", "missing_lines": 0, "excluded_lines": 0}, "missing_lines": [], "excluded_lines": []}, "": {"executed_lines": [1, 2, 3, 4, 5, 8, 9, 12, 13, 14, 15, 16, 17, 18, 21, 22, 23, 24, 25, 26, 27, 30, 31, 32, 33, 34, 35, 36, 37, 40, 41, 54, 55, 56, 57, 58, 63, 64, 77, 78, 79, 80, 81, 86, 87, 94, 95, 96, 101, 102, 116, 117, 118, 119, 128, 129, 139, 140], "summary": {"covered_lines": 55, "num_statements": 71, "percent_covered": 77.46478873239437, "percent_covered_display": "77.46", "missing_lines": 16, "excluded_lines": 0}, "missing_lines": [59, 60, 82, 83, 97, 98, 120, 121, 122, 123, 124, 125, 141, 142, 143, 144], "excluded_lines": []}}}, "src\\controllers\\maintenance_controller.py": {"executed_lines": [1, 2, 3, 4, 5, 8, 9, 12, 13, 14, 15, 16, 17, 18, 21, 22, 23, 24, 25, 26, 27, 30, 31, 32, 33, 34, 35, 36, 37, 40, 41, 54, 55, 56, 63, 64, 77, 78, 79, 80, 81, 86, 87, 94, 95, 96, 101, 102, 112, 113, 114, 119, 120, 146, 147, 160, 161, 162, 169, 170], "summary": {"covered_lines": 57, "num_statements": 87, "percent_covered": 65.51724137931035, "percent_covered_display": "65.52", "missing_lines": 30, "excluded_lines": 0}, "missing_lines": [57, 58, 59, 60, 82, 83, 97, 98, 115, 116, 134, 135, 136, 137, 138, 139, 140, 141, 142, 143, 163, 164, 165, 166, 180, 181, 182, 183, 184, 185], "excluded_lines": [], "functions": {"create_maintenance": {"executed_lines": [54, 55, 56], "summary": {"covered_lines": 3, "num_statements": 7, "percent_covered": 42.857142857142854, "percent_covered_display": "42.86", "missing_lines": 4, "excluded_lines": 0}, "missing_lines": [57, 58, 59, 60], "excluded_lines": []}, "get_maintenance": {"executed_lines": [77, 78, 79, 80, 81], "summary": {"covered_lines": 5, "num_statements": 7, "percent_covered": 71.42857142857143, "percent_covered_display": "71.43", "missing_lines": 2, "excluded_lines": 0}, "missing_lines": [82, 83], "excluded_lines": []}, "get_all_maintenances": {"executed_lines": [94, 95, 96], "summary": {"covered_lines": 3, "num_statements": 5, "percent_covered": 60.0, "percent_covered_display": "60.00", "missing_lines": 2, "excluded_lines": 0}, "missing_lines": [97, 98], "excluded_lines": []}, "get_maintenances_by_car": {"executed_lines": [112, 113, 114], "summary": {"covered_lines": 3, "num_statements": 5, "percent_covered": 60.0, "percent_covered_display": "60.00", "missing_lines": 2, "excluded_lines": 0}, "missing_lines": [115, 116], "excluded_lines": []}, "update_maintenance": {"executed_lines": [], "summary": {"covered_lines": 0, "num_statements": 10, "percent_covered": 0.0, "percent_covered_display": "0.00", "missing_lines": 10, "excluded_lines": 0}, "missing_lines": [134, 135, 136, 137, 138, 139, 140, 141, 142, 143], "excluded_lines": []}, "complete_maintenance": {"executed_lines": [160, 161, 162], "summary": {"covered_lines": 3, "num_statements": 7, "percent_covered": 42.857142857142854, "percent_covered_display": "42.86", "missing_lines": 4, "excluded_lines": 0}, "missing_lines": [163, 164, 165, 166], "excluded_lines": []}, "delete_maintenance": {"executed_lines": [], "summary": {"covered_lines": 0, "num_statements": 6, "percent_covered": 0.0, "percent_covered_display": "0.00", "missing_lines": 6, "excluded_lines": 0}, "missing_lines": [180, 181, 182, 183, 184, 185], "excluded_lines": []}, "": {"executed_lines": [1, 2, 3, 4, 5, 8, 9, 12, 13, 14, 15, 16, 17, 18, 21, 22, 23, 24, 25, 26, 27, 30, 31, 32, 33, 34, 35, 36, 37, 40, 41, 63, 64, 86, 87, 101, 102, 119, 120, 146, 147, 169, 170], "summary": {"covered_lines": 40, "num_statements": 40, "percent_covered": 100.0, "percent_covered_display": "100.00", "missing_lines": 0, "excluded_lines": 0}, "missing_lines": [], "excluded_lines": []}}, "classes": {"MaintenanceCreate": {"executed_lines": [], "summary": {"covered_lines": 0, "num_statements": 0, "percent_covered": 100.0, "percent_covered_display": "100.00", "missing_lines": 0, "excluded_lines": 0}, "missing_lines": [], "excluded_lines": []}, "MaintenanceUpdate": {"executed_lines": [], "summary": {"covered_lines": 0, "num_statements": 0, "percent_covered": 100.0, "percent_covered_display": "100.00", "missing_lines": 0, "excluded_lines": 0}, "missing_lines": [], "excluded_lines": []}, "MaintenanceResponse": {"executed_lines": [], "summary": {"covered_lines": 0, "num_statements": 0, "percent_covered": 100.0, "percent_covered_display": "100.00", "missing_lines": 0, "excluded_lines": 0}, "missing_lines": [], "excluded_lines": []}, "": {"executed_lines": [1, 2, 3, 4, 5, 8, 9, 12, 13, 14, 15, 16, 17, 18, 21, 22, 23, 24, 25, 26, 27, 30, 31, 32, 33, 34, 35, 36, 37, 40, 41, 54, 55, 56, 63, 64, 77, 78, 79, 80, 81, 86, 87, 94, 95, 96, 101, 102, 112, 113, 114, 119, 120, 146, 147, 160, 161, 162, 169, 170], "summary": {"covered_lines": 57, "num_statements": 87, "percent_covered": 65.51724137931035, "percent_covered_display": "65.52", "missing_lines": 30, "excluded_lines": 0}, "missing_lines": [57, 58, 59, 60, 82, 83, 97, 98, 115, 116, 134, 135, 136, 137, 138, 139, 140, 141, 142, 143, 163, 164, 165, 166, 180, 181, 182, 183, 184, 185], "excluded_lines": []}}}, "src\\controllers\\payment_controller.py": {"executed_lines": [1, 2, 3, 4, 5, 8, 9, 12, 13, 14, 15, 16, 17, 18, 21, 22, 23, 24, 25, 26, 27, 30, 31, 32, 33, 34, 35, 36, 37, 40, 41, 54, 55, 56, 63, 64, 77, 78, 79, 80, 81, 86, 87, 94, 95, 96, 101, 102, 112, 113, 114, 119, 120, 146, 147, 160, 161, 162, 169, 170], "summary": {"covered_lines": 57, "num_statements": 87, "percent_covered": 65.51724137931035, "percent_covered_display": "65.52", "missing_lines": 30, "excluded_lines": 0}, "missing_lines": [57, 58, 59, 60, 82, 83, 97, 98, 115, 116, 134, 135, 136, 137, 138, 139, 140, 141, 142, 143, 163, 164, 165, 166, 180, 181, 182, 183, 184, 185], "excluded_lines": [], "functions": {"create_payment": {"executed_lines": [54, 55, 56], "summary": {"covered_lines": 3, "num_statements": 7, "percent_covered": 42.857142857142854, "percent_covered_display": "42.86", "missing_lines": 4, "excluded_lines": 0}, "missing_lines": [57, 58, 59, 60], "excluded_lines": []}, "get_payment": {"executed_lines": [77, 78, 79, 80, 81], "summary": {"covered_lines": 5, "num_statements": 7, "percent_covered": 71.42857142857143, "percent_covered_display": "71.43", "missing_lines": 2, "excluded_lines": 0}, "missing_lines": [82, 83], "excluded_lines": []}, "get_all_payments": {"executed_lines": [94, 95, 96], "summary": {"covered_lines": 3, "num_statements": 5, "percent_covered": 60.0, "percent_covered_display": "60.00", "missing_lines": 2, "excluded_lines": 0}, "missing_lines": [97, 98], "excluded_lines": []}, "get_payments_by_rental": {"executed_lines": [112, 113, 114], "summary": {"covered_lines": 3, "num_statements": 5, "percent_covered": 60.0, "percent_covered_display": "60.00", "missing_lines": 2, "excluded_lines": 0}, "missing_lines": [115, 116], "excluded_lines": []}, "update_payment": {"executed_lines": [], "summary": {"covered_lines": 0, "num_statements": 10, "percent_covered": 0.0, "percent_covered_display": "0.00", "missing_lines": 10, "excluded_lines": 0}, "missing_lines": [134, 135, 136, 137, 138, 139, 140, 141, 142, 143], "excluded_lines": []}, "process_payment": {"executed_lines": [160, 161, 162], "summary": {"covered_lines": 3, "num_statements": 7, "percent_covered": 42.857142857142854, "percent_covered_display": "42.86", "missing_lines": 4, "excluded_lines": 0}, "missing_lines": [163, 164, 165, 166], "excluded_lines": []}, "delete_payment": {"executed_lines": [], "summary": {"covered_lines": 0, "num_statements": 6, "percent_covered": 0.0, "percent_covered_display": "0.00", "missing_lines": 6, "excluded_lines": 0}, "missing_lines": [180, 181, 182, 183, 184, 185], "excluded_lines": []}, "": {"executed_lines": [1, 2, 3, 4, 5, 8, 9, 12, 13, 14, 15, 16, 17, 18, 21, 22, 23, 24, 25, 26, 27, 30, 31, 32, 33, 34, 35, 36, 37, 40, 41, 63, 64, 86, 87, 101, 102, 119, 120, 146, 147, 169, 170], "summary": {"covered_lines": 40, "num_statements": 40, "percent_covered": 100.0, "percent_covered_display": "100.00", "missing_lines": 0, "excluded_lines": 0}, "missing_lines": [], "excluded_lines": []}}, "classes": {"PaymentCreate": {"executed_lines": [], "summary": {"covered_lines": 0, "num_statements": 0, "percent_covered": 100.0, "percent_covered_display": "100.00", "missing_lines": 0, "excluded_lines": 0}, "missing_lines": [], "excluded_lines": []}, "PaymentUpdate": {"executed_lines": [], "summary": {"covered_lines": 0, "num_statements": 0, "percent_covered": 100.0, "percent_covered_display": "100.00", "missing_lines": 0, "excluded_lines": 0}, "missing_lines": [], "excluded_lines": []}, "PaymentResponse": {"executed_lines": [], "summary": {"covered_lines": 0, "num_statements": 0, "percent_covered": 100.0, "percent_covered_display": "100.00", "missing_lines": 0, "excluded_lines": 0}, "missing_lines": [], "excluded_lines": []}, "": {"executed_lines": [1, 2, 3, 4, 5, 8, 9, 12, 13, 14, 15, 16, 17, 18, 21, 22, 23, 24, 25, 26, 27, 30, 31, 32, 33, 34, 35, 36, 37, 40, 41, 54, 55, 56, 63, 64, 77, 78, 79, 80, 81, 86, 87, 94, 95, 96, 101, 102, 112, 113, 114, 119, 120, 146, 147, 160, 161, 162, 169, 170], "summary": {"covered_lines": 57, "num_statements": 87, "percent_covered": 65.51724137931035, "percent_covered_display": "65.52", "missing_lines": 30, "excluded_lines": 0}, "missing_lines": [57, 58, 59, 60, 82, 83, 97, 98, 115, 116, 134, 135, 136, 137, 138, 139, 140, 141, 142, 143, 163, 164, 165, 166, 180, 181, 182, 183, 184, 185], "excluded_lines": []}}}, "src\\controllers\\rental_controller.py": {"executed_lines": [1, 2, 3, 4, 5, 6, 9, 10, 13, 14, 15, 16, 17, 18, 21, 22, 23, 24, 25, 26, 27, 30, 31, 32, 33, 34, 35, 36, 37, 38, 41, 42, 60, 61, 62, 69, 70, 83, 84, 85, 86, 87, 92, 93, 100, 101, 102, 107, 108, 126, 127, 128, 129, 130, 131, 132, 133, 134, 135, 137, 138, 143, 144, 170, 171, 184, 185, 186, 193, 194, 207, 208, 209, 216, 217], "summary": {"covered_lines": 72, "num_statements": 106, "percent_covered": 67.9245283018868, "percent_covered_display": "67.92", "missing_lines": 34, "excluded_lines": 0}, "missing_lines": [63, 64, 65, 66, 88, 89, 103, 104, 139, 140, 158, 159, 160, 161, 162, 163, 164, 165, 166, 167, 187, 188, 189, 190, 210, 211, 212, 213, 227, 228, 229, 230, 231, 232], "excluded_lines": [], "functions": {"create_rental": {"executed_lines": [60, 61, 62], "summary": {"covered_lines": 3, "num_statements": 7, "percent_covered": 42.857142857142854, "percent_covered_display": "42.86", "missing_lines": 4, "excluded_lines": 0}, "missing_lines": [63, 64, 65, 66], "excluded_lines": []}, "get_rental": {"executed_lines": [83, 84, 85, 86, 87], "summary": {"covered_lines": 5, "num_statements": 7, "percent_covered": 71.42857142857143, "percent_covered_display": "71.43", "missing_lines": 2, "excluded_lines": 0}, "missing_lines": [88, 89], "excluded_lines": []}, "get_all_rentals": {"executed_lines": [100, 101, 102], "summary": {"covered_lines": 3, "num_statements": 5, "percent_covered": 60.0, "percent_covered_display": "60.00", "missing_lines": 2, "excluded_lines": 0}, "missing_lines": [103, 104], "excluded_lines": []}, "search_rentals": {"executed_lines": [126, 127, 128, 129, 130, 131, 132, 133, 134, 135, 137, 138], "summary": {"covered_lines": 12, "num_statements": 14, "percent_covered": 85.71428571428571, "percent_covered_display": "85.71", "missing_lines": 2, "excluded_lines": 0}, "missing_lines": [139, 140], "excluded_lines": []}, "update_rental": {"executed_lines": [], "summary": {"covered_lines": 0, "num_statements": 10, "percent_covered": 0.0, "percent_covered_display": "0.00", "missing_lines": 10, "excluded_lines": 0}, "missing_lines": [158, 159, 160, 161, 162, 163, 164, 165, 166, 167], "excluded_lines": []}, "complete_rental": {"executed_lines": [184, 185, 186], "summary": {"covered_lines": 3, "num_statements": 7, "percent_covered": 42.857142857142854, "percent_covered_display": "42.86", "missing_lines": 4, "excluded_lines": 0}, "missing_lines": [187, 188, 189, 190], "excluded_lines": []}, "cancel_rental": {"executed_lines": [207, 208, 209], "summary": {"covered_lines": 3, "num_statements": 7, "percent_covered": 42.857142857142854, "percent_covered_display": "42.86", "missing_lines": 4, "excluded_lines": 0}, "missing_lines": [210, 211, 212, 213], "excluded_lines": []}, "delete_rental": {"executed_lines": [], "summary": {"covered_lines": 0, "num_statements": 6, "percent_covered": 0.0, "percent_covered_display": "0.00", "missing_lines": 6, "excluded_lines": 0}, "missing_lines": [227, 228, 229, 230, 231, 232], "excluded_lines": []}, "": {"executed_lines": [1, 2, 3, 4, 5, 6, 9, 10, 13, 14, 15, 16, 17, 18, 21, 22, 23, 24, 25, 26, 27, 30, 31, 32, 33, 34, 35, 36, 37, 38, 41, 42, 69, 70, 92, 93, 107, 108, 143, 144, 170, 171, 193, 194, 216, 217], "summary": {"covered_lines": 43, "num_statements": 43, "percent_covered": 100.0, "percent_covered_display": "100.00", "missing_lines": 0, "excluded_lines": 0}, "missing_lines": [], "excluded_lines": []}}, "classes": {"RentalCreate": {"executed_lines": [], "summary": {"covered_lines": 0, "num_statements": 0, "percent_covered": 100.0, "percent_covered_display": "100.00", "missing_lines": 0, "excluded_lines": 0}, "missing_lines": [], "excluded_lines": []}, "RentalUpdate": {"executed_lines": [], "summary": {"covered_lines": 0, "num_statements": 0, "percent_covered": 100.0, "percent_covered_display": "100.00", "missing_lines": 0, "excluded_lines": 0}, "missing_lines": [], "excluded_lines": []}, "RentalResponse": {"executed_lines": [], "summary": {"covered_lines": 0, "num_statements": 0, "percent_covered": 100.0, "percent_covered_display": "100.00", "missing_lines": 0, "excluded_lines": 0}, "missing_lines": [], "excluded_lines": []}, "": {"executed_lines": [1, 2, 3, 4, 5, 6, 9, 10, 13, 14, 15, 16, 17, 18, 21, 22, 23, 24, 25, 26, 27, 30, 31, 32, 33, 34, 35, 36, 37, 38, 41, 42, 60, 61, 62, 69, 70, 83, 84, 85, 86, 87, 92, 93, 100, 101, 102, 107, 108, 126, 127, 128, 129, 130, 131, 132, 133, 134, 135, 137, 138, 143, 144, 170, 171, 184, 185, 186, 193, 194, 207, 208, 209, 216, 217], "summary": {"covered_lines": 72, "num_statements": 106, "percent_covered": 67.9245283018868, "percent_covered_display": "67.92", "missing_lines": 34, "excluded_lines": 0}, "missing_lines": [63, 64, 65, 66, 88, 89, 103, 104, 139, 140, 158, 159, 160, 161, 162, 163, 164, 165, 166, 167, 187, 188, 189, 190, 210, 211, 212, 213, 227, 228, 229, 230, 231, 232], "excluded_lines": []}}}, "src\\models\\__init__.py": {"executed_lines": [1, 2, 3, 4, 5, 7], "summary": {"covered_lines": 6, "num_statements": 6, "percent_covered": 100.0, "percent_covered_display": "100.00", "missing_lines": 0, "excluded_lines": 0}, "missing_lines": [], "excluded_lines": [], "functions": {"": {"executed_lines": [1, 2, 3, 4, 5, 7], "summary": {"covered_lines": 6, "num_statements": 6, "percent_covered": 100.0, "percent_covered_display": "100.00", "missing_lines": 0, "excluded_lines": 0}, "missing_lines": [], "excluded_lines": []}}, "classes": {"": {"executed_lines": [1, 2, 3, 4, 5, 7], "summary": {"covered_lines": 6, "num_statements": 6, "percent_covered": 100.0, "percent_covered_display": "100.00", "missing_lines": 0, "excluded_lines": 0}, "missing_lines": [], "excluded_lines": []}}}, "src\\models\\car.py": {"executed_lines": [1, 2, 3, 6, 7, 8, 22, 23, 24, 25, 26, 27, 28, 29, 31, 38, 49, 50, 60, 61, 62, 63, 67], "summary": {"covered_lines": 22, "num_statements": 23, "percent_covered": 95.65217391304348, "percent_covered_display": "95.65", "missing_lines": 1, "excluded_lines": 0}, "missing_lines": [65], "excluded_lines": [], "functions": {"Car.to_dict": {"executed_lines": [38], "summary": {"covered_lines": 1, "num_statements": 1, "percent_covered": 100.0, "percent_covered_display": "100.00", "missing_lines": 0, "excluded_lines": 0}, "missing_lines": [], "excluded_lines": []}, "Car.from_dict": {"executed_lines": [60, 61, 62, 63, 67], "summary": {"covered_lines": 5, "num_statements": 6, "percent_covered": 83.33333333333333, "percent_covered_display": "83.33", "missing_lines": 1, "excluded_lines": 0}, "missing_lines": [65], "excluded_lines": []}, "": {"executed_lines": [1, 2, 3, 6, 7, 8, 22, 23, 24, 25, 26, 27, 28, 29, 31, 49, 50], "summary": {"covered_lines": 16, "num_statements": 16, "percent_covered": 100.0, "percent_covered_display": "100.00", "missing_lines": 0, "excluded_lines": 0}, "missing_lines": [], "excluded_lines": []}}, "classes": {"Car": {"executed_lines": [38, 60, 61, 62, 63, 67], "summary": {"covered_lines": 6, "num_statements": 7, "percent_covered": 85.71428571428571, "percent_covered_display": "85.71", "missing_lines": 1, "excluded_lines": 0}, "missing_lines": [65], "excluded_lines": []}, "": {"executed_lines": [1, 2, 3, 6, 7, 8, 22, 23, 24, 25, 26, 27, 28, 29, 31, 49, 50], "summary": {"covered_lines": 16, "num_statements": 16, "percent_covered": 100.0, "percent_covered_display": "100.00", "missing_lines": 0, "excluded_lines": 0}, "missing_lines": [], "excluded_lines": []}}}, "src\\models\\customer.py": {"executed_lines": [1, 2, 3, 6, 7, 8, 21, 22, 23, 24, 25, 26, 27, 29, 36, 46, 47, 57, 58, 59, 60, 64], "summary": {"covered_lines": 21, "num_statements": 22, "percent_covered": 95.45454545454545, "percent_covered_display": "95.45", "missing_lines": 1, "excluded_lines": 0}, "missing_lines": [62], "excluded_lines": [], "functions": {"Customer.to_dict": {"executed_lines": [36], "summary": {"covered_lines": 1, "num_statements": 1, "percent_covered": 100.0, "percent_covered_display": "100.00", "missing_lines": 0, "excluded_lines": 0}, "missing_lines": [], "excluded_lines": []}, "Customer.from_dict": {"executed_lines": [57, 58, 59, 60, 64], "summary": {"covered_lines": 5, "num_statements": 6, "percent_covered": 83.33333333333333, "percent_covered_display": "83.33", "missing_lines": 1, "excluded_lines": 0}, "missing_lines": [62], "excluded_lines": []}, "": {"executed_lines": [1, 2, 3, 6, 7, 8, 21, 22, 23, 24, 25, 26, 27, 29, 46, 47], "summary": {"covered_lines": 15, "num_statements": 15, "percent_covered": 100.0, "percent_covered_display": "100.00", "missing_lines": 0, "excluded_lines": 0}, "missing_lines": [], "excluded_lines": []}}, "classes": {"Customer": {"executed_lines": [36, 57, 58, 59, 60, 64], "summary": {"covered_lines": 6, "num_statements": 7, "percent_covered": 85.71428571428571, "percent_covered_display": "85.71", "missing_lines": 1, "excluded_lines": 0}, "missing_lines": [62], "excluded_lines": []}, "": {"executed_lines": [1, 2, 3, 6, 7, 8, 21, 22, 23, 24, 25, 26, 27, 29, 46, 47], "summary": {"covered_lines": 15, "num_statements": 15, "percent_covered": 100.0, "percent_covered_display": "100.00", "missing_lines": 0, "excluded_lines": 0}, "missing_lines": [], "excluded_lines": []}}}, "src\\models\\maintenance.py": {"executed_lines": [1, 2, 3, 6, 7, 8, 21, 22, 23, 24, 25, 26, 27, 29, 36, 46, 47, 57, 58, 59, 61, 62, 63, 64, 68], "summary": {"covered_lines": 24, "num_statements": 25, "percent_covered": 96.0, "percent_covered_display": "96.00", "missing_lines": 1, "excluded_lines": 0}, "missing_lines": [66], "excluded_lines": [], "functions": {"Maintenance.to_dict": {"executed_lines": [36], "summary": {"covered_lines": 1, "num_statements": 1, "percent_covered": 100.0, "percent_covered_display": "100.00", "missing_lines": 0, "excluded_lines": 0}, "missing_lines": [], "excluded_lines": []}, "Maintenance.from_dict": {"executed_lines": [57, 58, 59, 61, 62, 63, 64, 68], "summary": {"covered_lines": 8, "num_statements": 9, "percent_covered": 88.88888888888889, "percent_covered_display": "88.89", "missing_lines": 1, "excluded_lines": 0}, "missing_lines": [66], "excluded_lines": []}, "": {"executed_lines": [1, 2, 3, 6, 7, 8, 21, 22, 23, 24, 25, 26, 27, 29, 46, 47], "summary": {"covered_lines": 15, "num_statements": 15, "percent_covered": 100.0, "percent_covered_display": "100.00", "missing_lines": 0, "excluded_lines": 0}, "missing_lines": [], "excluded_lines": []}}, "classes": {"Maintenance": {"executed_lines": [36, 57, 58, 59, 61, 62, 63, 64, 68], "summary": {"covered_lines": 9, "num_statements": 10, "percent_covered": 90.0, "percent_covered_display": "90.00", "missing_lines": 1, "excluded_lines": 0}, "missing_lines": [66], "excluded_lines": []}, "": {"executed_lines": [1, 2, 3, 6, 7, 8, 21, 22, 23, 24, 25, 26, 27, 29, 46, 47], "summary": {"covered_lines": 15, "num_statements": 15, "percent_covered": 100.0, "percent_covered_display": "100.00", "missing_lines": 0, "excluded_lines": 0}, "missing_lines": [], "excluded_lines": []}}}, "src\\models\\payment.py": {"executed_lines": [1, 2, 3, 6, 7, 8, 21, 22, 23, 24, 25, 26, 27, 29, 36, 46, 47, 57, 58, 59, 61, 62, 63, 64, 68], "summary": {"covered_lines": 24, "num_statements": 25, "percent_covered": 96.0, "percent_covered_display": "96.00", "missing_lines": 1, "excluded_lines": 0}, "missing_lines": [66], "excluded_lines": [], "functions": {"Payment.to_dict": {"executed_lines": [36], "summary": {"covered_lines": 1, "num_statements": 1, "percent_covered": 100.0, "percent_covered_display": "100.00", "missing_lines": 0, "excluded_lines": 0}, "missing_lines": [], "excluded_lines": []}, "Payment.from_dict": {"executed_lines": [57, 58, 59, 61, 62, 63, 64, 68], "summary": {"covered_lines": 8, "num_statements": 9, "percent_covered": 88.88888888888889, "percent_covered_display": "88.89", "missing_lines": 1, "excluded_lines": 0}, "missing_lines": [66], "excluded_lines": []}, "": {"executed_lines": [1, 2, 3, 6, 7, 8, 21, 22, 23, 24, 25, 26, 27, 29, 46, 47], "summary": {"covered_lines": 15, "num_statements": 15, "percent_covered": 100.0, "percent_covered_display": "100.00", "missing_lines": 0, "excluded_lines": 0}, "missing_lines": [], "excluded_lines": []}}, "classes": {"Payment": {"executed_lines": [36, 57, 58, 59, 61, 62, 63, 64, 68], "summary": {"covered_lines": 9, "num_statements": 10, "percent_covered": 90.0, "percent_covered_display": "90.00", "missing_lines": 1, "excluded_lines": 0}, "missing_lines": [66], "excluded_lines": []}, "": {"executed_lines": [1, 2, 3, 6, 7, 8, 21, 22, 23, 24, 25, 26, 27, 29, 46, 47], "summary": {"covered_lines": 15, "num_statements": 15, "percent_covered": 100.0, "percent_covered_display": "100.00", "missing_lines": 0, "excluded_lines": 0}, "missing_lines": [], "excluded_lines": []}}}, "src\\models\\rental.py": {"executed_lines": [1, 2, 3, 6, 7, 8, 22, 23, 24, 25, 26, 27, 28, 29, 31, 38, 49, 50, 60, 61, 62, 64, 65, 66, 68, 69, 70, 71, 75], "summary": {"covered_lines": 28, "num_statements": 29, "percent_covered": 96.55172413793103, "percent_covered_display": "96.55", "missing_lines": 1, "excluded_lines": 0}, "missing_lines": [73], "excluded_lines": [], "functions": {"Rental.to_dict": {"executed_lines": [38], "summary": {"covered_lines": 1, "num_statements": 1, "percent_covered": 100.0, "percent_covered_display": "100.00", "missing_lines": 0, "excluded_lines": 0}, "missing_lines": [], "excluded_lines": []}, "Rental.from_dict": {"executed_lines": [60, 61, 62, 64, 65, 66, 68, 69, 70, 71, 75], "summary": {"covered_lines": 11, "num_statements": 12, "percent_covered": 91.66666666666667, "percent_covered_display": "91.67", "missing_lines": 1, "excluded_lines": 0}, "missing_lines": [73], "excluded_lines": []}, "": {"executed_lines": [1, 2, 3, 6, 7, 8, 22, 23, 24, 25, 26, 27, 28, 29, 31, 49, 50], "summary": {"covered_lines": 16, "num_statements": 16, "percent_covered": 100.0, "percent_covered_display": "100.00", "missing_lines": 0, "excluded_lines": 0}, "missing_lines": [], "excluded_lines": []}}, "classes": {"Rental": {"executed_lines": [38, 60, 61, 62, 64, 65, 66, 68, 69, 70, 71, 75], "summary": {"covered_lines": 12, "num_statements": 13, "percent_covered": 92.3076923076923, "percent_covered_display": "92.31", "missing_lines": 1, "excluded_lines": 0}, "missing_lines": [73], "excluded_lines": []}, "": {"executed_lines": [1, 2, 3, 6, 7, 8, 22, 23, 24, 25, 26, 27, 28, 29, 31, 49, 50], "summary": {"covered_lines": 16, "num_statements": 16, "percent_covered": 100.0, "percent_covered_display": "100.00", "missing_lines": 0, "excluded_lines": 0}, "missing_lines": [], "excluded_lines": []}}}, "src\\repositories\\__init__.py": {"executed_lines": [1, 2, 3, 4, 5, 7], "summary": {"covered_lines": 6, "num_statements": 6, "percent_covered": 100.0, "percent_covered_display": "100.00", "missing_lines": 0, "excluded_lines": 0}, "missing_lines": [], "excluded_lines": [], "functions": {"": {"executed_lines": [1, 2, 3, 4, 5, 7], "summary": {"covered_lines": 6, "num_statements": 6, "percent_covered": 100.0, "percent_covered_display": "100.00", "missing_lines": 0, "excluded_lines": 0}, "missing_lines": [], "excluded_lines": []}}, "classes": {"": {"executed_lines": [1, 2, 3, 4, 5, 7], "summary": {"covered_lines": 6, "num_statements": 6, "percent_covered": 100.0, "percent_covered_display": "100.00", "missing_lines": 0, "excluded_lines": 0}, "missing_lines": [], "excluded_lines": []}}}, "src\\repositories\\car_repository.py": {"executed_lines": [1, 2, 3, 4, 7, 8, 15, 16, 18, 31, 32, 36, 40, 41, 45, 58, 59, 61, 62, 64, 66, 73, 74, 75, 77, 87, 88, 90, 91, 92, 93, 95, 99, 100, 101, 103, 107, 111, 112, 113, 115, 129, 131, 132, 138, 143, 147, 160, 162, 163, 164, 166, 176, 177, 179, 180, 182, 184, 198, 200, 201, 202], "summary": {"covered_lines": 61, "num_statements": 71, "percent_covered": 85.91549295774648, "percent_covered_display": "85.92", "missing_lines": 10, "excluded_lines": 0}, "missing_lines": [42, 43, 96, 97, 104, 105, 108, 109, 144, 145], "excluded_lines": [], "functions": {"CarRepository.__init__": {"executed_lines": [16], "summary": {"covered_lines": 1, "num_statements": 1, "percent_covered": 100.0, "percent_covered_display": "100.00", "missing_lines": 0, "excluded_lines": 0}, "missing_lines": [], "excluded_lines": []}, "CarRepository.create": {"executed_lines": [31, 32, 36, 40, 41], "summary": {"covered_lines": 5, "num_statements": 7, "percent_covered": 71.42857142857143, "percent_covered_display": "71.43", "missing_lines": 2, "excluded_lines": 0}, "missing_lines": [42, 43], "excluded_lines": []}, "CarRepository.find_by_id": {"executed_lines": [58, 59, 61, 62, 64], "summary": {"covered_lines": 5, "num_statements": 5, "percent_covered": 100.0, "percent_covered_display": "100.00", "missing_lines": 0, "excluded_lines": 0}, "missing_lines": [], "excluded_lines": []}, "CarRepository.find_all": {"executed_lines": [73, 74, 75], "summary": {"covered_lines": 3, "num_statements": 3, "percent_covered": 100.0, "percent_covered_display": "100.00", "missing_lines": 0, "excluded_lines": 0}, "missing_lines": [], "excluded_lines": []}, "CarRepository.find_available": {"executed_lines": [87, 88, 90, 91, 92, 93, 95, 99, 100, 101, 103, 107, 111, 112, 113], "summary": {"covered_lines": 15, "num_statements": 21, "percent_covered": 71.42857142857143, "percent_covered_display": "71.43", "missing_lines": 6, "excluded_lines": 0}, "missing_lines": [96, 97, 104, 105, 108, 109], "excluded_lines": []}, "CarRepository.update": {"executed_lines": [129, 131, 132, 138, 143], "summary": {"covered_lines": 5, "num_statements": 7, "percent_covered": 71.42857142857143, "percent_covered_display": "71.43", "missing_lines": 2, "excluded_lines": 0}, "missing_lines": [144, 145], "excluded_lines": []}, "CarRepository.delete": {"executed_lines": [160, 162, 163, 164], "summary": {"covered_lines": 4, "num_statements": 4, "percent_covered": 100.0, "percent_covered_display": "100.00", "missing_lines": 0, "excluded_lines": 0}, "missing_lines": [], "excluded_lines": []}, "CarRepository.find_by_license_plate": {"executed_lines": [176, 177, 179, 180, 182], "summary": {"covered_lines": 5, "num_statements": 5, "percent_covered": 100.0, "percent_covered_display": "100.00", "missing_lines": 0, "excluded_lines": 0}, "missing_lines": [], "excluded_lines": []}, "CarRepository.update_availability": {"executed_lines": [198, 200, 201, 202], "summary": {"covered_lines": 4, "num_statements": 4, "percent_covered": 100.0, "percent_covered_display": "100.00", "missing_lines": 0, "excluded_lines": 0}, "missing_lines": [], "excluded_lines": []}, "": {"executed_lines": [1, 2, 3, 4, 7, 8, 15, 18, 45, 66, 77, 115, 147, 166, 184], "summary": {"covered_lines": 14, "num_statements": 14, "percent_covered": 100.0, "percent_covered_display": "100.00", "missing_lines": 0, "excluded_lines": 0}, "missing_lines": [], "excluded_lines": []}}, "classes": {"CarRepository": {"executed_lines": [16, 31, 32, 36, 40, 41, 58, 59, 61, 62, 64, 73, 74, 75, 87, 88, 90, 91, 92, 93, 95, 99, 100, 101, 103, 107, 111, 112, 113, 129, 131, 132, 138, 143, 160, 162, 163, 164, 176, 177, 179, 180, 182, 198, 200, 201, 202], "summary": {"covered_lines": 47, "num_statements": 57, "percent_covered": 82.45614035087719, "percent_covered_display": "82.46", "missing_lines": 10, "excluded_lines": 0}, "missing_lines": [42, 43, 96, 97, 104, 105, 108, 109, 144, 145], "excluded_lines": []}, "": {"executed_lines": [1, 2, 3, 4, 7, 8, 15, 18, 45, 66, 77, 115, 147, 166, 184], "summary": {"covered_lines": 14, "num_statements": 14, "percent_covered": 100.0, "percent_covered_display": "100.00", "missing_lines": 0, "excluded_lines": 0}, "missing_lines": [], "excluded_lines": []}}}, "src\\repositories\\customer_repository.py": {"executed_lines": [1, 2, 3, 4, 7, 8, 15, 16, 18, 31, 32, 36, 41, 42, 46, 59, 60, 62, 63, 65, 67, 74, 75, 76, 78, 92, 94, 95, 100, 105, 109, 122, 124, 125, 126, 128, 138, 139, 141, 142, 144, 146, 160, 162, 163, 164, 166, 176, 177, 179, 180, 182], "summary": {"covered_lines": 51, "num_statements": 55, "percent_covered": 92.72727272727273, "percent_covered_display": "92.73", "missing_lines": 4, "excluded_lines": 0}, "missing_lines": [43, 44, 106, 107], "excluded_lines": [], "functions": {"CustomerRepository.__init__": {"executed_lines": [16], "summary": {"covered_lines": 1, "num_statements": 1, "percent_covered": 100.0, "percent_covered_display": "100.00", "missing_lines": 0, "excluded_lines": 0}, "missing_lines": [], "excluded_lines": []}, "CustomerRepository.create": {"executed_lines": [31, 32, 36, 41, 42], "summary": {"covered_lines": 5, "num_statements": 7, "percent_covered": 71.42857142857143, "percent_covered_display": "71.43", "missing_lines": 2, "excluded_lines": 0}, "missing_lines": [43, 44], "excluded_lines": []}, "CustomerRepository.find_by_id": {"executed_lines": [59, 60, 62, 63, 65], "summary": {"covered_lines": 5, "num_statements": 5, "percent_covered": 100.0, "percent_covered_display": "100.00", "missing_lines": 0, "excluded_lines": 0}, "missing_lines": [], "excluded_lines": []}, "CustomerRepository.find_all": {"executed_lines": [74, 75, 76], "summary": {"covered_lines": 3, "num_statements": 3, "percent_covered": 100.0, "percent_covered_display": "100.00", "missing_lines": 0, "excluded_lines": 0}, "missing_lines": [], "excluded_lines": []}, "CustomerRepository.update": {"executed_lines": [92, 94, 95, 100, 105], "summary": {"covered_lines": 5, "num_statements": 7, "percent_covered": 71.42857142857143, "percent_covered_display": "71.43", "missing_lines": 2, "excluded_lines": 0}, "missing_lines": [106, 107], "excluded_lines": []}, "CustomerRepository.delete": {"executed_lines": [122, 124, 125, 126], "summary": {"covered_lines": 4, "num_statements": 4, "percent_covered": 100.0, "percent_covered_display": "100.00", "missing_lines": 0, "excluded_lines": 0}, "missing_lines": [], "excluded_lines": []}, "CustomerRepository.find_by_cpf": {"executed_lines": [138, 139, 141, 142, 144], "summary": {"covered_lines": 5, "num_statements": 5, "percent_covered": 100.0, "percent_covered_display": "100.00", "missing_lines": 0, "excluded_lines": 0}, "missing_lines": [], "excluded_lines": []}, "CustomerRepository.update_payment_status": {"executed_lines": [160, 162, 163, 164], "summary": {"covered_lines": 4, "num_statements": 4, "percent_covered": 100.0, "percent_covered_display": "100.00", "missing_lines": 0, "excluded_lines": 0}, "missing_lines": [], "excluded_lines": []}, "CustomerRepository.find_by_email": {"executed_lines": [176, 177, 179, 180, 182], "summary": {"covered_lines": 5, "num_statements": 5, "percent_covered": 100.0, "percent_covered_display": "100.00", "missing_lines": 0, "excluded_lines": 0}, "missing_lines": [], "excluded_lines": []}, "": {"executed_lines": [1, 2, 3, 4, 7, 8, 15, 18, 46, 67, 78, 109, 128, 146, 166], "summary": {"covered_lines": 14, "num_statements": 14, "percent_covered": 100.0, "percent_covered_display": "100.00", "missing_lines": 0, "excluded_lines": 0}, "missing_lines": [], "excluded_lines": []}}, "classes": {"CustomerRepository": {"executed_lines": [16, 31, 32, 36, 41, 42, 59, 60, 62, 63, 65, 74, 75, 76, 92, 94, 95, 100, 105, 122, 124, 125, 126, 138, 139, 141, 142, 144, 160, 162, 163, 164, 176, 177, 179, 180, 182], "summary": {"covered_lines": 37, "num_statements": 41, "percent_covered": 90.2439024390244, "percent_covered_display": "90.24", "missing_lines": 4, "excluded_lines": 0}, "missing_lines": [43, 44, 106, 107], "excluded_lines": []}, "": {"executed_lines": [1, 2, 3, 4, 7, 8, 15, 18, 46, 67, 78, 109, 128, 146, 166], "summary": {"covered_lines": 14, "num_statements": 14, "percent_covered": 100.0, "percent_covered_display": "100.00", "missing_lines": 0, "excluded_lines": 0}, "missing_lines": [], "excluded_lines": []}}}, "src\\repositories\\maintenance_repository.py": {"executed_lines": [1, 2, 3, 4, 7, 8, 15, 16, 18, 31, 32, 36, 41, 42, 46, 59, 60, 62, 65, 67, 74, 75, 76, 78, 92, 94, 95, 100, 106, 110, 123, 125, 126, 127, 129, 139, 140, 141, 143, 153, 158, 159, 161, 175, 177, 178, 179], "summary": {"covered_lines": 46, "num_statements": 51, "percent_covered": 90.19607843137256, "percent_covered_display": "90.20", "missing_lines": 5, "excluded_lines": 0}, "missing_lines": [43, 44, 63, 107, 108], "excluded_lines": [], "functions": {"MaintenanceRepository.__init__": {"executed_lines": [16], "summary": {"covered_lines": 1, "num_statements": 1, "percent_covered": 100.0, "percent_covered_display": "100.00", "missing_lines": 0, "excluded_lines": 0}, "missing_lines": [], "excluded_lines": []}, "MaintenanceRepository.create": {"executed_lines": [31, 32, 36, 41, 42], "summary": {"covered_lines": 5, "num_statements": 7, "percent_covered": 71.42857142857143, "percent_covered_display": "71.43", "missing_lines": 2, "excluded_lines": 0}, "missing_lines": [43, 44], "excluded_lines": []}, "MaintenanceRepository.find_by_id": {"executed_lines": [59, 60, 62, 65], "summary": {"covered_lines": 4, "num_statements": 5, "percent_covered": 80.0, "percent_covered_display": "80.00", "missing_lines": 1, "excluded_lines": 0}, "missing_lines": [63], "excluded_lines": []}, "MaintenanceRepository.find_all": {"executed_lines": [74, 75, 76], "summary": {"covered_lines": 3, "num_statements": 3, "percent_covered": 100.0, "percent_covered_display": "100.00", "missing_lines": 0, "excluded_lines": 0}, "missing_lines": [], "excluded_lines": []}, "MaintenanceRepository.update": {"executed_lines": [92, 94, 95, 100, 106], "summary": {"covered_lines": 5, "num_statements": 7, "percent_covered": 71.42857142857143, "percent_covered_display": "71.43", "missing_lines": 2, "excluded_lines": 0}, "missing_lines": [107, 108], "excluded_lines": []}, "MaintenanceRepository.delete": {"executed_lines": [123, 125, 126, 127], "summary": {"covered_lines": 4, "num_statements": 4, "percent_covered": 100.0, "percent_covered_display": "100.00", "missing_lines": 0, "excluded_lines": 0}, "missing_lines": [], "excluded_lines": []}, "MaintenanceRepository.find_by_car": {"executed_lines": [139, 140, 141], "summary": {"covered_lines": 3, "num_statements": 3, "percent_covered": 100.0, "percent_covered_display": "100.00", "missing_lines": 0, "excluded_lines": 0}, "missing_lines": [], "excluded_lines": []}, "MaintenanceRepository.find_active_by_car": {"executed_lines": [153, 158, 159], "summary": {"covered_lines": 3, "num_statements": 3, "percent_covered": 100.0, "percent_covered_display": "100.00", "missing_lines": 0, "excluded_lines": 0}, "missing_lines": [], "excluded_lines": []}, "MaintenanceRepository.update_status": {"executed_lines": [175, 177, 178, 179], "summary": {"covered_lines": 4, "num_statements": 4, "percent_covered": 100.0, "percent_covered_display": "100.00", "missing_lines": 0, "excluded_lines": 0}, "missing_lines": [], "excluded_lines": []}, "": {"executed_lines": [1, 2, 3, 4, 7, 8, 15, 18, 46, 67, 78, 110, 129, 143, 161], "summary": {"covered_lines": 14, "num_statements": 14, "percent_covered": 100.0, "percent_covered_display": "100.00", "missing_lines": 0, "excluded_lines": 0}, "missing_lines": [], "excluded_lines": []}}, "classes": {"MaintenanceRepository": {"executed_lines": [16, 31, 32, 36, 41, 42, 59, 60, 62, 65, 74, 75, 76, 92, 94, 95, 100, 106, 123, 125, 126, 127, 139, 140, 141, 153, 158, 159, 175, 177, 178, 179], "summary": {"covered_lines": 32, "num_statements": 37, "percent_covered": 86.48648648648648, "percent_covered_display": "86.49", "missing_lines": 5, "excluded_lines": 0}, "missing_lines": [43, 44, 63, 107, 108], "excluded_lines": []}, "": {"executed_lines": [1, 2, 3, 4, 7, 8, 15, 18, 46, 67, 78, 110, 129, 143, 161], "summary": {"covered_lines": 14, "num_statements": 14, "percent_covered": 100.0, "percent_covered_display": "100.00", "missing_lines": 0, "excluded_lines": 0}, "missing_lines": [], "excluded_lines": []}}}, "src\\repositories\\payment_repository.py": {"executed_lines": [1, 2, 3, 4, 7, 8, 15, 16, 18, 31, 32, 36, 41, 42, 46, 59, 60, 62, 65, 67, 74, 75, 76, 78, 110, 129, 139, 140, 141, 143, 153, 158, 159, 161, 175, 177, 178, 179], "summary": {"covered_lines": 37, "num_statements": 51, "percent_covered": 72.54901960784314, "percent_covered_display": "72.55", "missing_lines": 14, "excluded_lines": 0}, "missing_lines": [43, 44, 63, 92, 94, 95, 101, 106, 107, 108, 123, 125, 126, 127], "excluded_lines": [], "functions": {"PaymentRepository.__init__": {"executed_lines": [16], "summary": {"covered_lines": 1, "num_statements": 1, "percent_covered": 100.0, "percent_covered_display": "100.00", "missing_lines": 0, "excluded_lines": 0}, "missing_lines": [], "excluded_lines": []}, "PaymentRepository.create": {"executed_lines": [31, 32, 36, 41, 42], "summary": {"covered_lines": 5, "num_statements": 7, "percent_covered": 71.42857142857143, "percent_covered_display": "71.43", "missing_lines": 2, "excluded_lines": 0}, "missing_lines": [43, 44], "excluded_lines": []}, "PaymentRepository.find_by_id": {"executed_lines": [59, 60, 62, 65], "summary": {"covered_lines": 4, "num_statements": 5, "percent_covered": 80.0, "percent_covered_display": "80.00", "missing_lines": 1, "excluded_lines": 0}, "missing_lines": [63], "excluded_lines": []}, "PaymentRepository.find_all": {"executed_lines": [74, 75, 76], "summary": {"covered_lines": 3, "num_statements": 3, "percent_covered": 100.0, "percent_covered_display": "100.00", "missing_lines": 0, "excluded_lines": 0}, "missing_lines": [], "excluded_lines": []}, "PaymentRepository.update": {"executed_lines": [], "summary": {"covered_lines": 0, "num_statements": 7, "percent_covered": 0.0, "percent_covered_display": "0.00", "missing_lines": 7, "excluded_lines": 0}, "missing_lines": [92, 94, 95, 101, 106, 107, 108], "excluded_lines": []}, "PaymentRepository.delete": {"executed_lines": [], "summary": {"covered_lines": 0, "num_statements": 4, "percent_covered": 0.0, "percent_covered_display": "0.00", "missing_lines": 4, "excluded_lines": 0}, "missing_lines": [123, 125, 126, 127], "excluded_lines": []}, "PaymentRepository.find_by_rental": {"executed_lines": [139, 140, 141], "summary": {"covered_lines": 3, "num_statements": 3, "percent_covered": 100.0, "percent_covered_display": "100.00", "missing_lines": 0, "excluded_lines": 0}, "missing_lines": [], "excluded_lines": []}, "PaymentRepository.find_pending_by_rental": {"executed_lines": [153, 158, 159], "summary": {"covered_lines": 3, "num_statements": 3, "percent_covered": 100.0, "percent_covered_display": "100.00", "missing_lines": 0, "excluded_lines": 0}, "missing_lines": [], "excluded_lines": []}, "PaymentRepository.update_status": {"executed_lines": [175, 177, 178, 179], "summary": {"covered_lines": 4, "num_statements": 4, "percent_covered": 100.0, "percent_covered_display": "100.00", "missing_lines": 0, "excluded_lines": 0}, "missing_lines": [], "excluded_lines": []}, "": {"executed_lines": [1, 2, 3, 4, 7, 8, 15, 18, 46, 67, 78, 110, 129, 143, 161], "summary": {"covered_lines": 14, "num_statements": 14, "percent_covered": 100.0, "percent_covered_display": "100.00", "missing_lines": 0, "excluded_lines": 0}, "missing_lines": [], "excluded_lines": []}}, "classes": {"PaymentRepository": {"executed_lines": [16, 31, 32, 36, 41, 42, 59, 60, 62, 65, 74, 75, 76, 139, 140, 141, 153, 158, 159, 175, 177, 178, 179], "summary": {"covered_lines": 23, "num_statements": 37, "percent_covered": 62.16216216216216, "percent_covered_display": "62.16", "missing_lines": 14, "excluded_lines": 0}, "missing_lines": [43, 44, 63, 92, 94, 95, 101, 106, 107, 108, 123, 125, 126, 127], "excluded_lines": []}, "": {"executed_lines": [1, 2, 3, 4, 7, 8, 15, 18, 46, 67, 78, 110, 129, 143, 161], "summary": {"covered_lines": 14, "num_statements": 14, "percent_covered": 100.0, "percent_covered_display": "100.00", "missing_lines": 0, "excluded_lines": 0}, "missing_lines": [], "excluded_lines": []}}}, "src\\repositories\\rental_repository.py": {"executed_lines": [1, 2, 3, 4, 5, 8, 9, 16, 17, 19, 32, 33, 37, 43, 44, 48, 61, 62, 64, 67, 69, 76, 77, 78, 80, 94, 96, 97, 103, 109, 113, 126, 128, 129, 130, 132, 143, 144, 146, 159, 160, 161, 163, 173, 174, 175, 177, 195, 209, 211, 212, 213, 215, 225, 226, 228, 232, 233, 234, 236, 240, 244, 245, 246], "summary": {"covered_lines": 63, "num_statements": 88, "percent_covered": 71.5909090909091, "percent_covered_display": "71.59", "missing_lines": 25, "excluded_lines": 0}, "missing_lines": [45, 46, 65, 110, 111, 147, 148, 149, 151, 152, 153, 155, 156, 157, 187, 188, 190, 191, 193, 229, 230, 237, 238, 241, 242], "excluded_lines": [], "functions": {"RentalRepository.__init__": {"executed_lines": [17], "summary": {"covered_lines": 1, "num_statements": 1, "percent_covered": 100.0, "percent_covered_display": "100.00", "missing_lines": 0, "excluded_lines": 0}, "missing_lines": [], "excluded_lines": []}, "RentalRepository.create": {"executed_lines": [32, 33, 37, 43, 44], "summary": {"covered_lines": 5, "num_statements": 7, "percent_covered": 71.42857142857143, "percent_covered_display": "71.43", "missing_lines": 2, "excluded_lines": 0}, "missing_lines": [45, 46], "excluded_lines": []}, "RentalRepository.find_by_id": {"executed_lines": [61, 62, 64, 67], "summary": {"covered_lines": 4, "num_statements": 5, "percent_covered": 80.0, "percent_covered_display": "80.00", "missing_lines": 1, "excluded_lines": 0}, "missing_lines": [65], "excluded_lines": []}, "RentalRepository.find_all": {"executed_lines": [76, 77, 78], "summary": {"covered_lines": 3, "num_statements": 3, "percent_covered": 100.0, "percent_covered_display": "100.00", "missing_lines": 0, "excluded_lines": 0}, "missing_lines": [], "excluded_lines": []}, "RentalRepository.update": {"executed_lines": [94, 96, 97, 103, 109], "summary": {"covered_lines": 5, "num_statements": 7, "percent_covered": 71.42857142857143, "percent_covered_display": "71.43", "missing_lines": 2, "excluded_lines": 0}, "missing_lines": [110, 111], "excluded_lines": []}, "RentalRepository.delete": {"executed_lines": [126, 128, 129, 130], "summary": {"covered_lines": 4, "num_statements": 4, "percent_covered": 100.0, "percent_covered_display": "100.00", "missing_lines": 0, "excluded_lines": 0}, "missing_lines": [], "excluded_lines": []}, "RentalRepository.find_by_customer": {"executed_lines": [143, 144, 146, 159, 160, 161], "summary": {"covered_lines": 6, "num_statements": 15, "percent_covered": 40.0, "percent_covered_display": "40.00", "missing_lines": 9, "excluded_lines": 0}, "missing_lines": [147, 148, 149, 151, 152, 153, 155, 156, 157], "excluded_lines": []}, "RentalRepository.find_by_car": {"executed_lines": [173, 174, 175], "summary": {"covered_lines": 3, "num_statements": 3, "percent_covered": 100.0, "percent_covered_display": "100.00", "missing_lines": 0, "excluded_lines": 0}, "missing_lines": [], "excluded_lines": []}, "RentalRepository.find_active_by_car": {"executed_lines": [], "summary": {"covered_lines": 0, "num_statements": 5, "percent_covered": 0.0, "percent_covered_display": "0.00", "missing_lines": 5, "excluded_lines": 0}, "missing_lines": [187, 188, 190, 191, 193], "excluded_lines": []}, "RentalRepository.update_status": {"executed_lines": [209, 211, 212, 213], "summary": {"covered_lines": 4, "num_statements": 4, "percent_covered": 100.0, "percent_covered_display": "100.00", "missing_lines": 0, "excluded_lines": 0}, "missing_lines": [], "excluded_lines": []}, "RentalRepository.find_with_filters": {"executed_lines": [225, 226, 228, 232, 233, 234, 236, 240, 244, 245, 246], "summary": {"covered_lines": 11, "num_statements": 17, "percent_covered": 64.70588235294117, "percent_covered_display": "64.71", "missing_lines": 6, "excluded_lines": 0}, "missing_lines": [229, 230, 237, 238, 241, 242], "excluded_lines": []}, "": {"executed_lines": [1, 2, 3, 4, 5, 8, 9, 16, 19, 48, 69, 80, 113, 132, 163, 177, 195, 215], "summary": {"covered_lines": 17, "num_statements": 17, "percent_covered": 100.0, "percent_covered_display": "100.00", "missing_lines": 0, "excluded_lines": 0}, "missing_lines": [], "excluded_lines": []}}, "classes": {"RentalRepository": {"executed_lines": [17, 32, 33, 37, 43, 44, 61, 62, 64, 67, 76, 77, 78, 94, 96, 97, 103, 109, 126, 128, 129, 130, 143, 144, 146, 159, 160, 161, 173, 174, 175, 209, 211, 212, 213, 225, 226, 228, 232, 233, 234, 236, 240, 244, 245, 246], "summary": {"covered_lines": 46, "num_statements": 71, "percent_covered": 64.78873239436619, "percent_covered_display": "64.79", "missing_lines": 25, "excluded_lines": 0}, "missing_lines": [45, 46, 65, 110, 111, 147, 148, 149, 151, 152, 153, 155, 156, 157, 187, 188, 190, 191, 193, 229, 230, 237, 238, 241, 242], "excluded_lines": []}, "": {"executed_lines": [1, 2, 3, 4, 5, 8, 9, 16, 19, 48, 69, 80, 113, 132, 163, 177, 195, 215], "summary": {"covered_lines": 17, "num_statements": 17, "percent_covered": 100.0, "percent_covered_display": "100.00", "missing_lines": 0, "excluded_lines": 0}, "missing_lines": [], "excluded_lines": []}}}, "src\\services\\__init__.py": {"executed_lines": [1, 2, 3, 4, 5, 7], "summary": {"covered_lines": 6, "num_statements": 6, "percent_covered": 100.0, "percent_covered_display": "100.00", "missing_lines": 0, "excluded_lines": 0}, "missing_lines": [], "excluded_lines": [], "functions": {"": {"executed_lines": [1, 2, 3, 4, 5, 7], "summary": {"covered_lines": 6, "num_statements": 6, "percent_covered": 100.0, "percent_covered_display": "100.00", "missing_lines": 0, "excluded_lines": 0}, "missing_lines": [], "excluded_lines": []}}, "classes": {"": {"executed_lines": [1, 2, 3, 4, 5, 7], "summary": {"covered_lines": 6, "num_statements": 6, "percent_covered": 100.0, "percent_covered_display": "100.00", "missing_lines": 0, "excluded_lines": 0}, "missing_lines": [], "excluded_lines": []}}}, "src\\services\\car_service.py": {"executed_lines": [1, 2, 3, 4, 7, 8, 15, 20, 21, 22, 24, 38, 40, 41, 42, 44, 45, 46, 48, 49, 51, 52, 54, 64, 65, 67, 74, 75, 77, 87, 88, 90, 104, 106, 108, 114, 115, 117, 120, 121, 122, 124, 125, 126, 128, 138, 139, 140, 141, 143, 160, 162, 164, 165, 167, 168, 169, 171], "summary": {"covered_lines": 57, "num_statements": 62, "percent_covered": 91.93548387096774, "percent_covered_display": "91.94", "missing_lines": 5, "excluded_lines": 0}, "missing_lines": [109, 110, 111, 112, 118], "excluded_lines": [], "functions": {"CarService.__init__": {"executed_lines": [20, 21, 22], "summary": {"covered_lines": 3, "num_statements": 3, "percent_covered": 100.0, "percent_covered_display": "100.00", "missing_lines": 0, "excluded_lines": 0}, "missing_lines": [], "excluded_lines": []}, "CarService.create_car": {"executed_lines": [38, 40, 41, 42, 44, 45, 46, 48, 49, 51, 52], "summary": {"covered_lines": 11, "num_statements": 11, "percent_covered": 100.0, "percent_covered_display": "100.00", "missing_lines": 0, "excluded_lines": 0}, "missing_lines": [], "excluded_lines": []}, "CarService.get_car": {"executed_lines": [64, 65], "summary": {"covered_lines": 2, "num_statements": 2, "percent_covered": 100.0, "percent_covered_display": "100.00", "missing_lines": 0, "excluded_lines": 0}, "missing_lines": [], "excluded_lines": []}, "CarService.get_all_cars": {"executed_lines": [74, 75], "summary": {"covered_lines": 2, "num_statements": 2, "percent_covered": 100.0, "percent_covered_display": "100.00", "missing_lines": 0, "excluded_lines": 0}, "missing_lines": [], "excluded_lines": []}, "CarService.get_available_cars": {"executed_lines": [87, 88], "summary": {"covered_lines": 2, "num_statements": 2, "percent_covered": 100.0, "percent_covered_display": "100.00", "missing_lines": 0, "excluded_lines": 0}, "missing_lines": [], "excluded_lines": []}, "CarService.update_car": {"executed_lines": [104, 106, 108, 114, 115, 117, 120, 121, 122, 124, 125, 126], "summary": {"covered_lines": 12, "num_statements": 17, "percent_covered": 70.58823529411765, "percent_covered_display": "70.59", "missing_lines": 5, "excluded_lines": 0}, "missing_lines": [109, 110, 111, 112, 118], "excluded_lines": []}, "CarService.delete_car": {"executed_lines": [138, 139, 140, 141], "summary": {"covered_lines": 4, "num_statements": 4, "percent_covered": 100.0, "percent_covered_display": "100.00", "missing_lines": 0, "excluded_lines": 0}, "missing_lines": [], "excluded_lines": []}, "CarService.check_availability": {"executed_lines": [160, 162, 164, 165, 167, 168, 169, 171], "summary": {"covered_lines": 8, "num_statements": 8, "percent_covered": 100.0, "percent_covered_display": "100.00", "missing_lines": 0, "excluded_lines": 0}, "missing_lines": [], "excluded_lines": []}, "": {"executed_lines": [1, 2, 3, 4, 7, 8, 15, 24, 54, 67, 77, 90, 128, 143], "summary": {"covered_lines": 13, "num_statements": 13, "percent_covered": 100.0, "percent_covered_display": "100.00", "missing_lines": 0, "excluded_lines": 0}, "missing_lines": [], "excluded_lines": []}}, "classes": {"CarService": {"executed_lines": [20, 21, 22, 38, 40, 41, 42, 44, 45, 46, 48, 49, 51, 52, 64, 65, 74, 75, 87, 88, 104, 106, 108, 114, 115, 117, 120, 121, 122, 124, 125, 126, 138, 139, 140, 141, 160, 162, 164, 165, 167, 168, 169, 171], "summary": {"covered_lines": 44, "num_statements": 49, "percent_covered": 89.79591836734694, "percent_covered_display": "89.80", "missing_lines": 5, "excluded_lines": 0}, "missing_lines": [109, 110, 111, 112, 118], "excluded_lines": []}, "": {"executed_lines": [1, 2, 3, 4, 7, 8, 15, 24, 54, 67, 77, 90, 128, 143], "summary": {"covered_lines": 13, "num_statements": 13, "percent_covered": 100.0, "percent_covered_display": "100.00", "missing_lines": 0, "excluded_lines": 0}, "missing_lines": [], "excluded_lines": []}}}, "src\\services\\customer_service.py": {"executed_lines": [1, 2, 3, 4, 7, 8, 15, 21, 22, 23, 24, 26, 40, 42, 43, 44, 46, 47, 48, 50, 51, 54, 55, 57, 58, 60, 70, 71, 73, 80, 81, 83, 97, 99, 101, 107, 113, 114, 116, 117, 118, 120, 121, 122, 124, 134, 135, 136, 137, 139, 154, 156, 158, 159, 160, 161, 162, 166, 167], "summary": {"covered_lines": 58, "num_statements": 67, "percent_covered": 86.56716417910448, "percent_covered_display": "86.57", "missing_lines": 9, "excluded_lines": 0}, "missing_lines": [52, 102, 103, 104, 105, 108, 109, 110, 111], "excluded_lines": [], "functions": {"CustomerService.__init__": {"executed_lines": [21, 22, 23, 24], "summary": {"covered_lines": 4, "num_statements": 4, "percent_covered": 100.0, "percent_covered_display": "100.00", "missing_lines": 0, "excluded_lines": 0}, "missing_lines": [], "excluded_lines": []}, "CustomerService.create_customer": {"executed_lines": [40, 42, 43, 44, 46, 47, 48, 50, 51, 54, 55, 57, 58], "summary": {"covered_lines": 13, "num_statements": 14, "percent_covered": 92.85714285714286, "percent_covered_display": "92.86", "missing_lines": 1, "excluded_lines": 0}, "missing_lines": [52], "excluded_lines": []}, "CustomerService.get_customer": {"executed_lines": [70, 71], "summary": {"covered_lines": 2, "num_statements": 2, "percent_covered": 100.0, "percent_covered_display": "100.00", "missing_lines": 0, "excluded_lines": 0}, "missing_lines": [], "excluded_lines": []}, "CustomerService.get_all_customers": {"executed_lines": [80, 81], "summary": {"covered_lines": 2, "num_statements": 2, "percent_covered": 100.0, "percent_covered_display": "100.00", "missing_lines": 0, "excluded_lines": 0}, "missing_lines": [], "excluded_lines": []}, "CustomerService.update_customer": {"executed_lines": [97, 99, 101, 107, 113, 114, 116, 117, 118, 120, 121, 122], "summary": {"covered_lines": 12, "num_statements": 20, "percent_covered": 60.0, "percent_covered_display": "60.00", "missing_lines": 8, "excluded_lines": 0}, "missing_lines": [102, 103, 104, 105, 108, 109, 110, 111], "excluded_lines": []}, "CustomerService.delete_customer": {"executed_lines": [134, 135, 136, 137], "summary": {"covered_lines": 4, "num_statements": 4, "percent_covered": 100.0, "percent_covered_display": "100.00", "missing_lines": 0, "excluded_lines": 0}, "missing_lines": [], "excluded_lines": []}, "CustomerService.check_payment_status": {"executed_lines": [154, 156, 158, 159, 160, 161, 162, 166, 167], "summary": {"covered_lines": 9, "num_statements": 9, "percent_covered": 100.0, "percent_covered_display": "100.00", "missing_lines": 0, "excluded_lines": 0}, "missing_lines": [], "excluded_lines": []}, "": {"executed_lines": [1, 2, 3, 4, 7, 8, 15, 26, 60, 73, 83, 124, 139], "summary": {"covered_lines": 12, "num_statements": 12, "percent_covered": 100.0, "percent_covered_display": "100.00", "missing_lines": 0, "excluded_lines": 0}, "missing_lines": [], "excluded_lines": []}}, "classes": {"CustomerService": {"executed_lines": [21, 22, 23, 24, 40, 42, 43, 44, 46, 47, 48, 50, 51, 54, 55, 57, 58, 70, 71, 80, 81, 97, 99, 101, 107, 113, 114, 116, 117, 118, 120, 121, 122, 134, 135, 136, 137, 154, 156, 158, 159, 160, 161, 162, 166, 167], "summary": {"covered_lines": 46, "num_statements": 55, "percent_covered": 83.63636363636364, "percent_covered_display": "83.64", "missing_lines": 9, "excluded_lines": 0}, "missing_lines": [52, 102, 103, 104, 105, 108, 109, 110, 111], "excluded_lines": []}, "": {"executed_lines": [1, 2, 3, 4, 7, 8, 15, 26, 60, 73, 83, 124, 139], "summary": {"covered_lines": 12, "num_statements": 12, "percent_covered": 100.0, "percent_covered_display": "100.00", "missing_lines": 0, "excluded_lines": 0}, "missing_lines": [], "excluded_lines": []}}}, "src\\services\\maintenance_service.py": {"executed_lines": [1, 2, 3, 4, 5, 8, 9, 16, 21, 22, 23, 25, 39, 41, 43, 45, 46, 47, 49, 57, 59, 60, 62, 63, 65, 75, 76, 78, 85, 86, 88, 98, 99, 101, 127, 137, 139, 141, 144, 146, 147, 148, 150, 151, 153], "summary": {"covered_lines": 44, "num_statements": 59, "percent_covered": 74.57627118644068, "percent_covered_display": "74.58", "missing_lines": 15, "excluded_lines": 0}, "missing_lines": [112, 114, 116, 117, 119, 120, 121, 123, 124, 125, 142, 163, 164, 165, 166], "excluded_lines": [], "functions": {"MaintenanceService.__init__": {"executed_lines": [21, 22, 23], "summary": {"covered_lines": 3, "num_statements": 3, "percent_covered": 100.0, "percent_covered_display": "100.00", "missing_lines": 0, "excluded_lines": 0}, "missing_lines": [], "excluded_lines": []}, "MaintenanceService.create_maintenance": {"executed_lines": [39, 41, 43, 45, 46, 47, 49, 57, 59, 60, 62, 63], "summary": {"covered_lines": 12, "num_statements": 12, "percent_covered": 100.0, "percent_covered_display": "100.00", "missing_lines": 0, "excluded_lines": 0}, "missing_lines": [], "excluded_lines": []}, "MaintenanceService.get_maintenance": {"executed_lines": [75, 76], "summary": {"covered_lines": 2, "num_statements": 2, "percent_covered": 100.0, "percent_covered_display": "100.00", "missing_lines": 0, "excluded_lines": 0}, "missing_lines": [], "excluded_lines": []}, "MaintenanceService.get_all_maintenances": {"executed_lines": [85, 86], "summary": {"covered_lines": 2, "num_statements": 2, "percent_covered": 100.0, "percent_covered_display": "100.00", "missing_lines": 0, "excluded_lines": 0}, "missing_lines": [], "excluded_lines": []}, "MaintenanceService.get_maintenances_by_car": {"executed_lines": [98, 99], "summary": {"covered_lines": 2, "num_statements": 2, "percent_covered": 100.0, "percent_covered_display": "100.00", "missing_lines": 0, "excluded_lines": 0}, "missing_lines": [], "excluded_lines": []}, "MaintenanceService.update_maintenance": {"executed_lines": [], "summary": {"covered_lines": 0, "num_statements": 10, "percent_covered": 0.0, "percent_covered_display": "0.00", "missing_lines": 10, "excluded_lines": 0}, "missing_lines": [112, 114, 116, 117, 119, 120, 121, 123, 124, 125], "excluded_lines": []}, "MaintenanceService.complete_maintenance": {"executed_lines": [137, 139, 141, 144, 146, 147, 148, 150, 151], "summary": {"covered_lines": 9, "num_statements": 10, "percent_covered": 90.0, "percent_covered_display": "90.00", "missing_lines": 1, "excluded_lines": 0}, "missing_lines": [142], "excluded_lines": []}, "MaintenanceService.delete_maintenance": {"executed_lines": [], "summary": {"covered_lines": 0, "num_statements": 4, "percent_covered": 0.0, "percent_covered_display": "0.00", "missing_lines": 4, "excluded_lines": 0}, "missing_lines": [163, 164, 165, 166], "excluded_lines": []}, "": {"executed_lines": [1, 2, 3, 4, 5, 8, 9, 16, 25, 65, 78, 88, 101, 127, 153], "summary": {"covered_lines": 14, "num_statements": 14, "percent_covered": 100.0, "percent_covered_display": "100.00", "missing_lines": 0, "excluded_lines": 0}, "missing_lines": [], "excluded_lines": []}}, "classes": {"MaintenanceService": {"executed_lines": [21, 22, 23, 39, 41, 43, 45, 46, 47, 49, 57, 59, 60, 62, 63, 75, 76, 85, 86, 98, 99, 137, 139, 141, 144, 146, 147, 148, 150, 151], "summary": {"covered_lines": 30, "num_statements": 45, "percent_covered": 66.66666666666667, "percent_covered_display": "66.67", "missing_lines": 15, "excluded_lines": 0}, "missing_lines": [112, 114, 116, 117, 119, 120, 121, 123, 124, 125, 142, 163, 164, 165, 166], "excluded_lines": []}, "": {"executed_lines": [1, 2, 3, 4, 5, 8, 9, 16, 25, 65, 78, 88, 101, 127, 153], "summary": {"covered_lines": 14, "num_statements": 14, "percent_covered": 100.0, "percent_covered_display": "100.00", "missing_lines": 0, "excluded_lines": 0}, "missing_lines": [], "excluded_lines": []}}}, "src\\services\\payment_service.py": {"executed_lines": [1, 2, 3, 4, 5, 8, 9, 16, 18, 24, 25, 26, 27, 29, 43, 45, 47, 48, 52, 54, 55, 56, 58, 66, 68, 71, 72, 74, 84, 85, 87, 94, 95, 97, 107, 108, 110, 147, 157, 159, 161, 164, 166, 167, 169, 170, 172, 187, 194, 195, 197, 198, 199, 203], "summary": {"covered_lines": 53, "num_statements": 77, "percent_covered": 68.83116883116882, "percent_covered_display": "68.83", "missing_lines": 24, "excluded_lines": 0}, "missing_lines": [69, 121, 123, 125, 126, 127, 131, 132, 134, 135, 136, 138, 140, 141, 142, 144, 145, 162, 182, 183, 184, 185, 200, 201], "excluded_lines": [], "functions": {"PaymentService.__init__": {"executed_lines": [24, 25, 26, 27], "summary": {"covered_lines": 4, "num_statements": 4, "percent_covered": 100.0, "percent_covered_display": "100.00", "missing_lines": 0, "excluded_lines": 0}, "missing_lines": [], "excluded_lines": []}, "PaymentService.create_payment": {"executed_lines": [43, 45, 47, 48, 52, 54, 55, 56, 58, 66, 68, 71, 72], "summary": {"covered_lines": 13, "num_statements": 14, "percent_covered": 92.85714285714286, "percent_covered_display": "92.86", "missing_lines": 1, "excluded_lines": 0}, "missing_lines": [69], "excluded_lines": []}, "PaymentService.get_payment": {"executed_lines": [84, 85], "summary": {"covered_lines": 2, "num_statements": 2, "percent_covered": 100.0, "percent_covered_display": "100.00", "missing_lines": 0, "excluded_lines": 0}, "missing_lines": [], "excluded_lines": []}, "PaymentService.get_all_payments": {"executed_lines": [94, 95], "summary": {"covered_lines": 2, "num_statements": 2, "percent_covered": 100.0, "percent_covered_display": "100.00", "missing_lines": 0, "excluded_lines": 0}, "missing_lines": [], "excluded_lines": []}, "PaymentService.get_payments_by_rental": {"executed_lines": [107, 108], "summary": {"covered_lines": 2, "num_statements": 2, "percent_covered": 100.0, "percent_covered_display": "100.00", "missing_lines": 0, "excluded_lines": 0}, "missing_lines": [], "excluded_lines": []}, "PaymentService.update_payment": {"executed_lines": [], "summary": {"covered_lines": 0, "num_statements": 16, "percent_covered": 0.0, "percent_covered_display": "0.00", "missing_lines": 16, "excluded_lines": 0}, "missing_lines": [121, 123, 125, 126, 127, 131, 132, 134, 135, 136, 138, 140, 141, 142, 144, 145], "excluded_lines": []}, "PaymentService.process_payment": {"executed_lines": [157, 159, 161, 164, 166, 167, 169, 170], "summary": {"covered_lines": 8, "num_statements": 9, "percent_covered": 88.88888888888889, "percent_covered_display": "88.89", "missing_lines": 1, "excluded_lines": 0}, "missing_lines": [162], "excluded_lines": []}, "PaymentService.delete_payment": {"executed_lines": [], "summary": {"covered_lines": 0, "num_statements": 4, "percent_covered": 0.0, "percent_covered_display": "0.00", "missing_lines": 4, "excluded_lines": 0}, "missing_lines": [182, 183, 184, 185], "excluded_lines": []}, "PaymentService._update_customer_payment_status": {"executed_lines": [194, 195, 197, 198, 199, 203], "summary": {"covered_lines": 6, "num_statements": 8, "percent_covered": 75.0, "percent_covered_display": "75.00", "missing_lines": 2, "excluded_lines": 0}, "missing_lines": [200, 201], "excluded_lines": []}, "": {"executed_lines": [1, 2, 3, 4, 5, 8, 9, 16, 18, 29, 74, 87, 97, 110, 147, 172, 187], "summary": {"covered_lines": 16, "num_statements": 16, "percent_covered": 100.0, "percent_covered_display": "100.00", "missing_lines": 0, "excluded_lines": 0}, "missing_lines": [], "excluded_lines": []}}, "classes": {"PaymentService": {"executed_lines": [24, 25, 26, 27, 43, 45, 47, 48, 52, 54, 55, 56, 58, 66, 68, 71, 72, 84, 85, 94, 95, 107, 108, 157, 159, 161, 164, 166, 167, 169, 170, 194, 195, 197, 198, 199, 203], "summary": {"covered_lines": 37, "num_statements": 61, "percent_covered": 60.65573770491803, "percent_covered_display": "60.66", "missing_lines": 24, "excluded_lines": 0}, "missing_lines": [69, 121, 123, 125, 126, 127, 131, 132, 134, 135, 136, 138, 140, 141, 142, 144, 145, 162, 182, 183, 184, 185, 200, 201], "excluded_lines": []}, "": {"executed_lines": [1, 2, 3, 4, 5, 8, 9, 16, 18, 29, 74, 87, 97, 110, 147, 172, 187], "summary": {"covered_lines": 16, "num_statements": 16, "percent_covered": 100.0, "percent_covered_display": "100.00", "missing_lines": 0, "excluded_lines": 0}, "missing_lines": [], "excluded_lines": []}}}, "src\\services\\rental_service.py": {"executed_lines": [1, 2, 3, 4, 5, 6, 9, 10, 18, 26, 27, 28, 29, 30, 31, 33, 54, 56, 58, 59, 61, 64, 65, 67, 68, 69, 70, 71, 72, 74, 76, 81, 83, 102, 107, 108, 110, 111, 113, 114, 116, 117, 118, 119, 121, 123, 132, 133, 135, 136, 138, 148, 149, 151, 158, 159, 161, 171, 172, 174, 209, 219, 221, 223, 224, 226, 227, 229, 230, 232, 242, 244, 246, 249, 250, 252, 253, 255], "summary": {"covered_lines": 77, "num_statements": 100, "percent_covered": 77.0, "percent_covered_display": "77.00", "missing_lines": 23, "excluded_lines": 0}, "missing_lines": [62, 185, 187, 189, 190, 191, 193, 194, 195, 196, 198, 199, 201, 202, 203, 205, 206, 207, 247, 265, 266, 267, 268], "excluded_lines": [], "functions": {"RentalService.__init__": {"executed_lines": [26, 27, 28, 29, 30, 31], "summary": {"covered_lines": 6, "num_statements": 6, "percent_covered": 100.0, "percent_covered_display": "100.00", "missing_lines": 0, "excluded_lines": 0}, "missing_lines": [], "excluded_lines": []}, "RentalService.calculate_rental_value": {"executed_lines": [54, 56, 58, 59, 61, 64, 65, 67, 68, 69, 70, 71, 72, 74, 76, 81], "summary": {"covered_lines": 16, "num_statements": 17, "percent_covered": 94.11764705882354, "percent_covered_display": "94.12", "missing_lines": 1, "excluded_lines": 0}, "missing_lines": [62], "excluded_lines": []}, "RentalService.create_rental": {"executed_lines": [102, 107, 108, 110, 111, 113, 114, 116, 117, 118, 119, 121, 123, 132, 133, 135, 136], "summary": {"covered_lines": 17, "num_statements": 17, "percent_covered": 100.0, "percent_covered_display": "100.00", "missing_lines": 0, "excluded_lines": 0}, "missing_lines": [], "excluded_lines": []}, "RentalService.get_rental": {"executed_lines": [148, 149], "summary": {"covered_lines": 2, "num_statements": 2, "percent_covered": 100.0, "percent_covered_display": "100.00", "missing_lines": 0, "excluded_lines": 0}, "missing_lines": [], "excluded_lines": []}, "RentalService.get_all_rentals": {"executed_lines": [158, 159], "summary": {"covered_lines": 2, "num_statements": 2, "percent_covered": 100.0, "percent_covered_display": "100.00", "missing_lines": 0, "excluded_lines": 0}, "missing_lines": [], "excluded_lines": []}, "RentalService.search_rentals": {"executed_lines": [171, 172], "summary": {"covered_lines": 2, "num_statements": 2, "percent_covered": 100.0, "percent_covered_display": "100.00", "missing_lines": 0, "excluded_lines": 0}, "missing_lines": [], "excluded_lines": []}, "RentalService.update_rental": {"executed_lines": [], "summary": {"covered_lines": 0, "num_statements": 17, "percent_covered": 0.0, "percent_covered_display": "0.00", "missing_lines": 17, "excluded_lines": 0}, "missing_lines": [185, 187, 189, 190, 191, 193, 194, 195, 196, 198, 199, 201, 202, 203, 205, 206, 207], "excluded_lines": []}, "RentalService.complete_rental": {"executed_lines": [219, 221, 223, 224, 226, 227, 229, 230], "summary": {"covered_lines": 8, "num_statements": 8, "percent_covered": 100.0, "percent_covered_display": "100.00", "missing_lines": 0, "excluded_lines": 0}, "missing_lines": [], "excluded_lines": []}, "RentalService.cancel_rental": {"executed_lines": [242, 244, 246, 249, 250, 252, 253], "summary": {"covered_lines": 7, "num_statements": 8, "percent_covered": 87.5, "percent_covered_display": "87.50", "missing_lines": 1, "excluded_lines": 0}, "missing_lines": [247], "excluded_lines": []}, "RentalService.delete_rental": {"executed_lines": [], "summary": {"covered_lines": 0, "num_statements": 4, "percent_covered": 0.0, "percent_covered_display": "0.00", "missing_lines": 4, "excluded_lines": 0}, "missing_lines": [265, 266, 267, 268], "excluded_lines": []}, "": {"executed_lines": [1, 2, 3, 4, 5, 6, 9, 10, 18, 33, 83, 138, 151, 161, 174, 209, 232, 255], "summary": {"covered_lines": 17, "num_statements": 17, "percent_covered": 100.0, "percent_covered_display": "100.00", "missing_lines": 0, "excluded_lines": 0}, "missing_lines": [], "excluded_lines": []}}, "classes": {"RentalService": {"executed_lines": [26, 27, 28, 29, 30, 31, 54, 56, 58, 59, 61, 64, 65, 67, 68, 69, 70, 71, 72, 74, 76, 81, 102, 107, 108, 110, 111, 113, 114, 116, 117, 118, 119, 121, 123, 132, 133, 135, 136, 148, 149, 158, 159, 171, 172, 219, 221, 223, 224, 226, 227, 229, 230, 242, 244, 246, 249, 250, 252, 253], "summary": {"covered_lines": 60, "num_statements": 83, "percent_covered": 72.28915662650603, "percent_covered_display": "72.29", "missing_lines": 23, "excluded_lines": 0}, "missing_lines": [62, 185, 187, 189, 190, 191, 193, 194, 195, 196, 198, 199, 201, 202, 203, 205, 206, 207, 247, 265, 266, 267, 268], "excluded_lines": []}, "": {"executed_lines": [1, 2, 3, 4, 5, 6, 9, 10, 18, 33, 83, 138, 151, 161, 174, 209, 232, 255], "summary": {"covered_lines": 17, "num_statements": 17, "percent_covered": 100.0, "percent_covered_display": "100.00", "missing_lines": 0, "excluded_lines": 0}, "missing_lines": [], "excluded_lines": []}}}, "src\\utils\\__init__.py": {"executed_lines": [1, 8, 9, 10, 12], "summary": {"covered_lines": 5, "num_statements": 5, "percent_covered": 100.0, "percent_covered_display": "100.00", "missing_lines": 0, "excluded_lines": 0}, "missing_lines": [], "excluded_lines": [], "functions": {"": {"executed_lines": [1, 8, 9, 10, 12], "summary": {"covered_lines": 5, "num_statements": 5, "percent_covered": 100.0, "percent_covered_display": "100.00", "missing_lines": 0, "excluded_lines": 0}, "missing_lines": [], "excluded_lines": []}}, "classes": {"": {"executed_lines": [1, 8, 9, 10, 12], "summary": {"covered_lines": 5, "num_statements": 5, "percent_covered": 100.0, "percent_covered_display": "100.00", "missing_lines": 0, "excluded_lines": 0}, "missing_lines": [], "excluded_lines": []}}}, "src\\utils\\exceptions.py": {"executed_lines": [1, 2, 10, 11, 12, 13, 16, 17, 24, 25, 28, 29, 36, 37, 40, 41, 48, 49, 52, 53, 60], "summary": {"covered_lines": 16, "num_statements": 17, "percent_covered": 94.11764705882354, "percent_covered_display": "94.12", "missing_lines": 1, "excluded_lines": 0}, "missing_lines": [61], "excluded_lines": [], "functions": {"RentalException.__init__": {"executed_lines": [11, 12, 13], "summary": {"covered_lines": 3, "num_statements": 3, "percent_covered": 100.0, "percent_covered_display": "100.00", "missing_lines": 0, "excluded_lines": 0}, "missing_lines": [], "excluded_lines": []}, "NotFoundException.__init__": {"executed_lines": [25], "summary": {"covered_lines": 1, "num_statements": 1, "percent_covered": 100.0, "percent_covered_display": "100.00", "missing_lines": 0, "excluded_lines": 0}, "missing_lines": [], "excluded_lines": []}, "ValidationException.__init__": {"executed_lines": [37], "summary": {"covered_lines": 1, "num_statements": 1, "percent_covered": 100.0, "percent_covered_display": "100.00", "missing_lines": 0, "excluded_lines": 0}, "missing_lines": [], "excluded_lines": []}, "BusinessRuleException.__init__": {"executed_lines": [49], "summary": {"covered_lines": 1, "num_statements": 1, "percent_covered": 100.0, "percent_covered_display": "100.00", "missing_lines": 0, "excluded_lines": 0}, "missing_lines": [], "excluded_lines": []}, "DatabaseException.__init__": {"executed_lines": [], "summary": {"covered_lines": 0, "num_statements": 1, "percent_covered": 0.0, "percent_covered_display": "0.00", "missing_lines": 1, "excluded_lines": 0}, "missing_lines": [61], "excluded_lines": []}, "": {"executed_lines": [1, 2, 10, 16, 17, 24, 28, 29, 36, 40, 41, 48, 52, 53, 60], "summary": {"covered_lines": 10, "num_statements": 10, "percent_covered": 100.0, "percent_covered_display": "100.00", "missing_lines": 0, "excluded_lines": 0}, "missing_lines": [], "excluded_lines": []}}, "classes": {"RentalException": {"executed_lines": [11, 12, 13], "summary": {"covered_lines": 3, "num_statements": 3, "percent_covered": 100.0, "percent_covered_display": "100.00", "missing_lines": 0, "excluded_lines": 0}, "missing_lines": [], "excluded_lines": []}, "NotFoundException": {"executed_lines": [25], "summary": {"covered_lines": 1, "num_statements": 1, "percent_covered": 100.0, "percent_covered_display": "100.00", "missing_lines": 0, "excluded_lines": 0}, "missing_lines": [], "excluded_lines": []}, "ValidationException": {"executed_lines": [37], "summary": {"covered_lines": 1, "num_statements": 1, "percent_covered": 100.0, "percent_covered_display": "100.00", "missing_lines": 0, "excluded_lines": 0}, "missing_lines": [], "excluded_lines": []}, "BusinessRuleException": {"executed_lines": [49], "summary": {"covered_lines": 1, "num_statements": 1, "percent_covered": 100.0, "percent_covered_display": "100.00", "missing_lines": 0, "excluded_lines": 0}, "missing_lines": [], "excluded_lines": []}, "DatabaseException": {"executed_lines": [], "summary": {"covered_lines": 0, "num_statements": 1, "percent_covered": 0.0, "percent_covered_display": "0.00", "missing_lines": 1, "excluded_lines": 0}, "missing_lines": [61], "excluded_lines": []}, "": {"executed_lines": [1, 2, 10, 16, 17, 24, 28, 29, 36, 40, 41, 48, 52, 53, 60], "summary": {"covered_lines": 10, "num_statements": 10, "percent_covered": 100.0, "percent_covered_display": "100.00", "missing_lines": 0, "excluded_lines": 0}, "missing_lines": [], "excluded_lines": []}}}, "src\\utils\\file_export.py": {"executed_lines": [1, 2, 3, 4, 5, 8, 9, 16, 17, 28, 29, 31, 33, 34, 36, 38, 39, 50, 51, 53, 54, 56, 58, 60, 61, 62, 63, 65, 67, 68, 78, 79, 81, 82, 92, 93, 94], "summary": {"covered_lines": 36, "num_statements": 36, "percent_covered": 100.0, "percent_covered_display": "100.00", "missing_lines": 0, "excluded_lines": 0}, "missing_lines": [], "excluded_lines": [], "functions": {"FileExporter.export_to_json": {"executed_lines": [28, 29, 31, 33, 34, 36], "summary": {"covered_lines": 6, "num_statements": 6, "percent_covered": 100.0, "percent_covered_display": "100.00", "missing_lines": 0, "excluded_lines": 0}, "missing_lines": [], "excluded_lines": []}, "FileExporter.export_to_csv": {"executed_lines": [50, 51, 53, 54, 56, 58, 60, 61, 62, 63, 65], "summary": {"covered_lines": 11, "num_statements": 11, "percent_covered": 100.0, "percent_covered_display": "100.00", "missing_lines": 0, "excluded_lines": 0}, "missing_lines": [], "excluded_lines": []}, "FileExporter.read_json": {"executed_lines": [78, 79], "summary": {"covered_lines": 2, "num_statements": 2, "percent_covered": 100.0, "percent_covered_display": "100.00", "missing_lines": 0, "excluded_lines": 0}, "missing_lines": [], "excluded_lines": []}, "FileExporter.read_csv": {"executed_lines": [92, 93, 94], "summary": {"covered_lines": 3, "num_statements": 3, "percent_covered": 100.0, "percent_covered_display": "100.00", "missing_lines": 0, "excluded_lines": 0}, "missing_lines": [], "excluded_lines": []}, "": {"executed_lines": [1, 2, 3, 4, 5, 8, 9, 16, 17, 38, 39, 67, 68, 81, 82], "summary": {"covered_lines": 14, "num_statements": 14, "percent_covered": 100.0, "percent_covered_display": "100.00", "missing_lines": 0, "excluded_lines": 0}, "missing_lines": [], "excluded_lines": []}}, "classes": {"FileExporter": {"executed_lines": [28, 29, 31, 33, 34, 36, 50, 51, 53, 54, 56, 58, 60, 61, 62, 63, 65, 78, 79, 92, 93, 94], "summary": {"covered_lines": 22, "num_statements": 22, "percent_covered": 100.0, "percent_covered_display": "100.00", "missing_lines": 0, "excluded_lines": 0}, "missing_lines": [], "excluded_lines": []}, "": {"executed_lines": [1, 2, 3, 4, 5, 8, 9, 16, 17, 38, 39, 67, 68, 81, 82], "summary": {"covered_lines": 14, "num_statements": 14, "percent_covered": 100.0, "percent_covered_display": "100.00", "missing_lines": 0, "excluded_lines": 0}, "missing_lines": [], "excluded_lines": []}}}, "src\\utils\\logger.py": {"executed_lines": [1, 2, 3, 4, 5, 8, 19, 21, 22, 24, 25, 27, 32, 33, 34, 35, 37, 38, 40, 41, 42, 44, 45, 46, 47, 49], "summary": {"covered_lines": 26, "num_statements": 26, "percent_covered": 100.0, "percent_covered_display": "100.00", "missing_lines": 0, "excluded_lines": 0}, "missing_lines": [], "excluded_lines": [], "functions": {"setup_logger": {"executed_lines": [19, 21, 22, 24, 25, 27, 32, 33, 34, 35, 37, 38, 40, 41, 42, 44, 45, 46, 47, 49], "summary": {"covered_lines": 20, "num_statements": 20, "percent_covered": 100.0, "percent_covered_display": "100.00", "missing_lines": 0, "excluded_lines": 0}, "missing_lines": [], "excluded_lines": []}, "": {"executed_lines": [1, 2, 3, 4, 5, 8], "summary": {"covered_lines": 6, "num_statements": 6, "percent_covered": 100.0, "percent_covered_display": "100.00", "missing_lines": 0, "excluded_lines": 0}, "missing_lines": [], "excluded_lines": []}}, "classes": {"": {"executed_lines": [1, 2, 3, 4, 5, 8, 19, 21, 22, 24, 25, 27, 32, 33, 34, 35, 37, 38, 40, 41, 42, 44, 45, 46, 47, 49], "summary": {"covered_lines": 26, "num_statements": 26, "percent_covered": 100.0, "percent_covered_display": "100.00", "missing_lines": 0, "excluded_lines": 0}, "missing_lines": [], "excluded_lines": []}}}, "src\\utils\\validators.py": {"executed_lines": [1, 2, 3, 4, 7, 8, 15, 16, 29, 31, 32, 34, 35, 36, 37, 39, 40, 42, 43, 45, 47, 48, 61, 62, 63, 64, 66, 67, 80, 81, 82, 83, 85, 86, 99, 100, 102, 104, 105, 106, 108, 109, 123, 124, 126, 127, 129, 131, 132, 146, 147, 148, 150, 151, 164, 165, 166, 167], "summary": {"covered_lines": 57, "num_statements": 57, "percent_covered": 100.0, "percent_covered_display": "100.00", "missing_lines": 0, "excluded_lines": 0}, "missing_lines": [], "excluded_lines": [], "functions": {"Validator.validate_cpf": {"executed_lines": [29, 31, 32, 34, 39, 40, 42, 43, 45], "summary": {"covered_lines": 9, "num_statements": 9, "percent_covered": 100.0, "percent_covered_display": "100.00", "missing_lines": 0, "excluded_lines": 0}, "missing_lines": [], "excluded_lines": []}, "Validator.validate_cpf.calculate_digit": {"executed_lines": [35, 36, 37], "summary": {"covered_lines": 3, "num_statements": 3, "percent_covered": 100.0, "percent_covered_display": "100.00", "missing_lines": 0, "excluded_lines": 0}, "missing_lines": [], "excluded_lines": []}, "Validator.validate_email": {"executed_lines": [61, 62, 63, 64], "summary": {"covered_lines": 4, "num_statements": 4, "percent_covered": 100.0, "percent_covered_display": "100.00", "missing_lines": 0, "excluded_lines": 0}, "missing_lines": [], "excluded_lines": []}, "Validator.validate_phone": {"executed_lines": [80, 81, 82, 83], "summary": {"covered_lines": 4, "num_statements": 4, "percent_covered": 100.0, "percent_covered_display": "100.00", "missing_lines": 0, "excluded_lines": 0}, "missing_lines": [], "excluded_lines": []}, "Validator.validate_license_plate": {"executed_lines": [99, 100, 102, 104, 105, 106], "summary": {"covered_lines": 6, "num_statements": 6, "percent_covered": 100.0, "percent_covered_display": "100.00", "missing_lines": 0, "excluded_lines": 0}, "missing_lines": [], "excluded_lines": []}, "Validator.validate_date_range": {"executed_lines": [123, 124, 126, 127, 129], "summary": {"covered_lines": 5, "num_statements": 5, "percent_covered": 100.0, "percent_covered_display": "100.00", "missing_lines": 0, "excluded_lines": 0}, "missing_lines": [], "excluded_lines": []}, "Validator.validate_positive_number": {"executed_lines": [146, 147, 148], "summary": {"covered_lines": 3, "num_statements": 3, "percent_covered": 100.0, "percent_covered_display": "100.00", "missing_lines": 0, "excluded_lines": 0}, "missing_lines": [], "excluded_lines": []}, "Validator.validate_year": {"executed_lines": [164, 165, 166, 167], "summary": {"covered_lines": 4, "num_statements": 4, "percent_covered": 100.0, "percent_covered_display": "100.00", "missing_lines": 0, "excluded_lines": 0}, "missing_lines": [], "excluded_lines": []}, "": {"executed_lines": [1, 2, 3, 4, 7, 8, 15, 16, 47, 48, 66, 67, 85, 86, 108, 109, 131, 132, 150, 151], "summary": {"covered_lines": 19, "num_statements": 19, "percent_covered": 100.0, "percent_covered_display": "100.00", "missing_lines": 0, "excluded_lines": 0}, "missing_lines": [], "excluded_lines": []}}, "classes": {"Validator": {"executed_lines": [29, 31, 32, 34, 35, 36, 37, 39, 40, 42, 43, 45, 61, 62, 63, 64, 80, 81, 82, 83, 99, 100, 102, 104, 105, 106, 123, 124, 126, 127, 129, 146, 147, 148, 164, 165, 166, 167], "summary": {"covered_lines": 38, "num_statements": 38, "percent_covered": 100.0, "percent_covered_display": "100.00", "missing_lines": 0, "excluded_lines": 0}, "missing_lines": [], "excluded_lines": []}, "": {"executed_lines": [1, 2, 3, 4, 7, 8, 15, 16, 47, 48, 66, 67, 85, 86, 108, 109, 131, 132, 150, 151], "summary": {"covered_lines": 19, "num_statements": 19, "percent_covered": 100.0, "percent_covered_display": "100.00", "missing_lines": 0, "excluded_lines": 0}, "missing_lines": [], "excluded_lines": []}}}}, "totals": {"covered_lines": 1203, "num_statements": 1477, "percent_covered": 81.44888287068382, "percent_covered_display": "81.45", "missing_lines": 274, "excluded_lines": 0}}